[2015.12.01-14.04.56:556][  0]Log file open, 12/01/15 09:04:56
[2015.12.01-14.04.56:556][  0]LogInit:Display: Running engine for game: Prototipo_1
[2015.12.01-14.04.56:556][  0]LogPlatformFile: Not using cached read wrapper
[2015.12.01-14.04.56:556][  0]LogInit:Display: RandInit(-958260309) SRandInit(-958260308).
[2015.12.01-14.04.56:556][  0]LogTaskGraph: Started task graph with 4 named threads and 5 total threads.
[2015.12.01-14.04.56:556][  0]LogStats: Stats thread started at 0.069693
[2015.12.01-14.04.56:556][  0]LogInit: Version: 4.10.0-2758231+++depot+UE4-Releases+4.10
[2015.12.01-14.04.56:556][  0]LogInit: API Version: 2758231
[2015.12.01-14.04.56:556][  0]LogInit: Compiled (64-bit): Nov  7 2015 05:13:45
[2015.12.01-14.04.56:556][  0]LogInit: Compiled with Visual C++: 19.00.23026.00
[2015.12.01-14.04.56:556][  0]LogInit: Build Configuration: Development
[2015.12.01-14.04.56:556][  0]LogInit: Branch Name: ++depot+UE4-Releases+4.10
[2015.12.01-14.04.56:556][  0]LogInit: Command line:  
[2015.12.01-14.04.56:556][  0]LogInit: Base directory: C:/Program Files/Epic Games/4.10/Engine/Binaries/Win64/
[2015.12.01-14.04.56:556][  0]LogInit: Rocket: 1
[2015.12.01-14.04.56:572][  0]LogInit: Using libcurl 7.41.0
[2015.12.01-14.04.56:572][  0]LogInit:  - built for x86_64-pc-win32
[2015.12.01-14.04.56:572][  0]LogInit:  - supports SSL with WinSSL
[2015.12.01-14.04.56:572][  0]LogInit:  - other features:
[2015.12.01-14.04.56:572][  0]LogInit:      CURL_VERSION_SSL
[2015.12.01-14.04.56:572][  0]LogInit:      CURL_VERSION_IPV6
[2015.12.01-14.04.56:572][  0]LogInit:      CURL_VERSION_ASYNCHDNS
[2015.12.01-14.04.56:572][  0]LogInit:      CURL_VERSION_LARGEFILE
[2015.12.01-14.04.56:572][  0]LogInit:      CURL_VERSION_IDN
[2015.12.01-14.04.56:572][  0]LogInit:  CurlRequestOptions (configurable via config and command line):
[2015.12.01-14.04.56:572][  0]LogInit:  - bVerifyPeer = true  - Libcurl will verify peer certificate
[2015.12.01-14.04.56:572][  0]LogInit:  - bUseHttpProxy = false  - Libcurl will NOT use HTTP proxy
[2015.12.01-14.04.56:572][  0]LogInit:  - bDontReuseConnections = false  - Libcurl will reuse connections
[2015.12.01-14.04.56:572][  0]LogInit:  - CertBundlePath = nullptr  - Libcurl will use whatever was configured at build time.
[2015.12.01-14.04.56:603][  0]LogInit: Presizing for 0 objects not considered by GC, pre-allocating 0 bytes.
[2015.12.01-14.04.56:619][  0]LogInit: Object subsystem initialized
[2015.12.01-14.04.56:619][  0]LogInit: Selected Device Profile: [Windows]
[2015.12.01-14.04.56:619][  0]LogInit: Applying CVar settings loaded from the selected device profile: [Windows]
[2015.12.01-14.04.56:641][  0]LogInit: Computer: JORGE
[2015.12.01-14.04.56:641][  0]LogInit: User: Jorge
[2015.12.01-14.04.56:641][  0]LogInit: CPU Page size=4096, Cores=2
[2015.12.01-14.04.56:641][  0]LogInit: High frequency timer resolution =2.533200 MHz
[2015.12.01-14.04.56:641][  0]LogMemory: Memory total: Physical=11.9GB (12GB approx)
[2015.12.01-14.04.56:641][  0]LogMemory: Platform Memory Stats for Windows
[2015.12.01-14.04.56:641][  0]LogMemory: Process Physical Memory: 56.38 MB used, 56.38 MB peak
[2015.12.01-14.04.56:641][  0]LogMemory: Process Virtual Memory: 55.61 MB used, 55.61 MB peak
[2015.12.01-14.04.56:641][  0]LogMemory: Physical Memory: 2954.99 MB used, 12208.14 MB total
[2015.12.01-14.04.56:641][  0]LogMemory: Virtual Memory: 376.60 MB used, 134217728.00 MB total
[2015.12.01-14.04.57:920][  0]LogD3D11RHI: Found D3D11 adapter 0: Intel(R) HD Graphics Family (Feature Level 11_0)
[2015.12.01-14.04.57:920][  0]LogD3D11RHI: Adapter has 112MB of dedicated video memory, 0MB of dedicated system memory, and 6104MB of shared system memory, 1 output[s]
[2015.12.01-14.04.59:546][  0]LogD3D11RHI: Found D3D11 adapter 1: AMD Radeon R7 M260 (Feature Level 11_0)
[2015.12.01-14.04.59:546][  0]LogD3D11RHI: Adapter has 2035MB of dedicated video memory, 0MB of dedicated system memory, and 6104MB of shared system memory, 0 output[s]
[2015.12.01-14.04.59:550][  0]LogD3D11RHI: Found D3D11 adapter 2: Microsoft Basic Render Driver (Feature Level 11_0)
[2015.12.01-14.04.59:577][  0]LogD3D11RHI: Adapter has 0MB of dedicated video memory, 0MB of dedicated system memory, and 6104MB of shared system memory, 0 output[s]
[2015.12.01-14.04.59:578][  0]LogD3D11RHI: Chosen D3D11 Adapter Id = 0
[2015.12.01-14.04.59:587][  0]LogD3D11RHI: !Direct3DDevice
[2015.12.01-14.04.59:587][  0]LogRHI: Texture pool is 1361 MB (70% of 1945 MB)
[2015.12.01-14.04.59:598][  0]LogD3D11RHI: Async texture creation enabled
[2015.12.01-14.04.59:607][  0]LogShaderCompilers: Guid format shader working directory is -52 characters bigger than the processId version (../../../../../../Users/Daniel/Desktop/Dani/Proyectos RV/Proyecto-Realidad-Virtual/Prototipo_1 4.10/Intermediate/Shaders/WorkingDirectory/7548/).
[2015.12.01-14.04.59:608][  0]LogShaderCompilers: Cleaned the shader compiler working directory 'C:/Users/Daniel/AppData/Local/Temp/UnrealShaderWorkingDir/2FBC8C33416DA04FC99ABF9E17A3045C/'.
[2015.12.01-14.04.59:608][  0]LogShaderCompilers:Display: Using Local Shader Compiler.
[2015.12.01-14.05.01:895][  0]LogTemp:Display: Loaded TP AllDesktopTargetPlatform
[2015.12.01-14.05.01:901][  0]LogTemp:Display: Loaded TP WindowsClientTargetPlatform
[2015.12.01-14.05.01:906][  0]LogTemp:Display: Loaded TP WindowsNoEditorTargetPlatform
[2015.12.01-14.05.01:912][  0]LogTemp:Display: Loaded TP WindowsServerTargetPlatform
[2015.12.01-14.05.01:917][  0]LogTemp:Display: Loaded TP WindowsTargetPlatform
[2015.12.01-14.05.01:922][  0]LogTemp:Display: Loaded TP AndroidTargetPlatform
[2015.12.01-14.05.01:926][  0]LogTemp:Display: Loaded TP Android_ASTCTargetPlatform
[2015.12.01-14.05.01:930][  0]LogTemp:Display: Loaded TP Android_ATCTargetPlatform
[2015.12.01-14.05.01:934][  0]LogTemp:Display: Loaded TP Android_DXTTargetPlatform
[2015.12.01-14.05.01:939][  0]LogTemp:Display: Loaded TP Android_ETC1TargetPlatform
[2015.12.01-14.05.01:942][  0]LogTemp:Display: Loaded TP Android_ETC2TargetPlatform
[2015.12.01-14.05.01:950][  0]LogTemp:Display: Loaded TP Android_MultiTargetPlatform
[2015.12.01-14.05.01:950][  0]LogTemp:Display: Loaded TP Android_PVRTCTargetPlatform
[2015.12.01-14.05.01:952][  0]LogTemp:Display: Loaded TP HTML5TargetPlatform
[2015.12.01-14.05.01:972][  0]LogTemp:Display: Loaded TP IOSTargetPlatform
[2015.12.01-14.05.01:976][  0]LogTemp:Display: Loaded TP LinuxNoEditorTargetPlatform
[2015.12.01-14.05.01:979][  0]LogTemp:Display: Loaded TP LinuxServerTargetPlatform
[2015.12.01-14.05.02:032][  0]LogTemp:Display: Loaded TP LinuxTargetPlatform
[2015.12.01-14.05.02:032][  0]LogTargetPlatformManager:Display: Building Assets For Windows
[2015.12.01-14.05.02:615][  0]LogDerivedDataCache:Display: Max Cache Size: 512 MB
[2015.12.01-14.05.03:276][  0]LogDerivedDataCache: Loaded boot cache 0.66s 41MB C:/Users/Daniel/AppData/Local/UnrealEngine/4.10/DerivedDataCache/Boot.ddc.
[2015.12.01-14.05.03:276][  0]LogDerivedDataCache:Display: Loaded Boot cache: C:/Users/Daniel/AppData/Local/UnrealEngine/4.10/DerivedDataCache/Boot.ddc
[2015.12.01-14.05.03:277][  0]LogDerivedDataCache: FDerivedDataBackendGraph:  Pak pak cache file ../../../../../../Users/Daniel/Desktop/Dani/Proyectos RV/Proyecto-Realidad-Virtual/Prototipo_1 4.10/DerivedDataCache/DDC.ddp not found, will not use a pak cache.
[2015.12.01-14.05.03:277][  0]LogDerivedDataCache: Unable to find inner node Pak for hierarchical cache Hierarchy.
[2015.12.01-14.05.03:277][  0]LogDerivedDataCache: FDerivedDataBackendGraph:  CompressedPak pak cache file ../../../../../../Users/Daniel/Desktop/Dani/Proyectos RV/Proyecto-Realidad-Virtual/Prototipo_1 4.10/DerivedDataCache/Compressed.ddp not found, will not use a pak cache.
[2015.12.01-14.05.03:277][  0]LogDerivedDataCache: Unable to find inner node CompressedPak for hierarchical cache Hierarchy.
[2015.12.01-14.05.03:405][  0]LogDerivedDataCache:Display: Pak cache opened for reading ../../../Engine/DerivedDataCache/Compressed.ddp.
[2015.12.01-14.05.03:418][  0]LogDerivedDataCache: Using Local data cache path C:/Users/Daniel/AppData/Local/UnrealEngine/Common/DerivedDataCache: Writable
[2015.12.01-14.05.06:404][  0]LogInit: Selected Device Profile: [Windows]
[2015.12.01-14.05.06:413][  0]LogContentStreaming: Texture pool size is 0.000000MB
[2015.12.01-14.05.06:708][  0]LogMeshUtilities: No automatic mesh reduction module available
[2015.12.01-14.05.06:708][  0]LogMeshUtilities: No automatic mesh merging module available
[2015.12.01-14.05.07:928][  0]LogInit: WinSock: version 1.1 (2.2), MaxSocks=32767, MaxUdp=65467
[2015.12.01-14.05.32:204][  0]UdpMessaging: Initializing bridge on interface 0.0.0.0:0 to multicast group 230.0.0.1:6666.
[2015.12.01-14.05.32:658][  0]LogAssetRegistry: FAssetRegistry took 0.0121 seconds to start up
[2015.12.01-14.05.33:284][  0]SourceControl: Info Source control is disabled
[2015.12.01-14.05.33:438][  0]SourceControl: Info Source control is disabled
[2015.12.01-14.05.33:454][  0]SourceControl: Info Source control is disabled
[2015.12.01-14.05.33:490][  0]SourceControl: Info Source control is disabled
[2015.12.01-14.05.34:025][  0]LogObj: 28633 objects as part of root set at end of initial load.
[2015.12.01-14.05.34:025][  0]LogUObjectAllocator: 6099752 out of 0 bytes used by permanent object pool.
[2015.12.01-14.05.34:171][  0]LogEngine: Initializing Engine...
[2015.12.01-14.05.34:174][  0]LogHMD: Can't find Oculus library dev build: is proper Runtime installed? Version: 0.8.0.0
[2015.12.01-14.05.34:193][  0]LogHMD: SteamVR failed to initialize.  Err: 110
[2015.12.01-14.05.34:713][  0]LogAIModule: Creating AISystem for world NewWorld
[2015.12.01-14.05.34:731][  0]LogInit: XAudio2 using 'Speakers (Conexant SmartAudio HD)' : 2 channels at 48 kHz using 32 bits per sample (channel mask 0x3)
[2015.12.01-14.05.34:985][  0]LogInit: FAudioDevice initialized.
[2015.12.01-14.05.35:006][  0]LogDerivedDataCache: Saved boot cache 0.02s 41MB C:/Users/Daniel/AppData/Local/UnrealEngine/4.10/DerivedDataCache/Boot.ddc.
[2015.12.01-14.05.35:010][  0]LogInit: Texture streaming: Enabled
[2015.12.01-14.05.35:052][  0]LogAnalytics: Creating configured Analytics provider AnalyticsET
[2015.12.01-14.05.35:052][  0]LogAnalytics: [UEEditor.Rocket.Release] APIServer = http://et2.epicgames.com/ET2/. AppVersion = 4.10.0-2758231+++depot+UE4-Releases+4.10
[2015.12.01-14.05.35:052][  0]LogAnalytics: [UEEditor.Rocket.Release] SetUserId 02a92638413d6e9abea5c7aca5f6540a|3349b03e2e674c09ae8b169d1df5bddf|a6273b8f-85b9-4f16-b013-14ad0d925f1f
[2015.12.01-14.05.35:052][  0]LogAnalytics: [UEEditor.Rocket.Release] AnalyticsET::StartSession
[2015.12.01-14.05.35:099][  0]LogWindowsTextInputMethodSystem:Display: IME system now deactivated.
[2015.12.01-14.05.35:152][  0]LogInit: Transaction tracking system initialized
[2015.12.01-14.05.35:187][  0]BlueprintLog: New page: Editor Load
[2015.12.01-14.05.35:402][  0]LocalizationService: Info Localization service is disabled
[2015.12.01-14.05.36:344][  0]LogConsoleResponse:Display: 
[2015.12.01-14.05.38:890][  0]LogCook:Display: Done creating registry. It took  0.00s.
[2015.12.01-14.05.39:356][  0]LogFileCache: Scanning file cache for directory 'C:/Users/Daniel/Desktop/Dani/Proyectos RV/Proyecto-Realidad-Virtual/Prototipo_1 4.10/Content/' took 0.03s
[2015.12.01-14.05.39:356][  0]SourceControl: Info Source control is disabled
[2015.12.01-14.05.39:396][  0]LightingResults: New page: Lighting Build
[2015.12.01-14.05.39:405][  0]MapCheck: New page: Map Check
[2015.12.01-14.05.39:405][  0]LightingResults: New page: Lighting Build
[2015.12.01-14.05.39:434][  0]LogParticles: Destroying 0 GPU particle simulations for FXSystem 0x00000045EFFF6AC0
[2015.12.01-14.05.39:500][  0]LogLinker:Warning: Asset '../../../../../../Users/Daniel/Desktop/Dani/Proyectos RV/Proyecto-Realidad-Virtual/Prototipo_1 4.10/Content/Mannequin/Animations/ThirdPerson_AnimBP.uasset' has been saved with empty engine version. The asset will be loaded but may be incompatible.
[2015.12.01-14.05.39:507][  0]LogLinker:Warning: Asset '../../../../../../Users/Daniel/Desktop/Dani/Proyectos RV/Proyecto-Realidad-Virtual/Prototipo_1 4.10/Content/Mannequin/Animations/ThirdPerson_Jump.uasset' has been saved with empty engine version. The asset will be loaded but may be incompatible.
[2015.12.01-14.05.39:514][  0]LogLinker:Warning: Asset '../../../../../../Users/Daniel/Desktop/Dani/Proyectos RV/Proyecto-Realidad-Virtual/Prototipo_1 4.10/Content/Mannequin/Animations/ThirdPersonJump_Loop.uasset' has been saved with empty engine version. The asset will be loaded but may be incompatible.
[2015.12.01-14.05.39:520][  0]LogLinker:Warning: Asset '../../../../../../Users/Daniel/Desktop/Dani/Proyectos RV/Proyecto-Realidad-Virtual/Prototipo_1 4.10/Content/Mannequin/Animations/ThirdPersonJump_Start.uasset' has been saved with empty engine version. The asset will be loaded but may be incompatible.
[2015.12.01-14.05.39:524][  0]LogLinker:Warning: Asset '../../../../../../Users/Daniel/Desktop/Dani/Proyectos RV/Proyecto-Realidad-Virtual/Prototipo_1 4.10/Content/Mannequin/Animations/ThirdPerson_IdleRun_2D.uasset' has been saved with empty engine version. The asset will be loaded but may be incompatible.
[2015.12.01-14.05.39:527][  0]LogLinker:Warning: Asset '../../../../../../Users/Daniel/Desktop/Dani/Proyectos RV/Proyecto-Realidad-Virtual/Prototipo_1 4.10/Content/Mannequin/Animations/ThirdPersonIdle.uasset' has been saved with empty engine version. The asset will be loaded but may be incompatible.
[2015.12.01-14.05.39:532][  0]LogLinker:Warning: Asset '../../../../../../Users/Daniel/Desktop/Dani/Proyectos RV/Proyecto-Realidad-Virtual/Prototipo_1 4.10/Content/Mannequin/Animations/ThirdPersonRun.uasset' has been saved with empty engine version. The asset will be loaded but may be incompatible.
[2015.12.01-14.05.39:536][  0]LogLinker:Warning: Asset '../../../../../../Users/Daniel/Desktop/Dani/Proyectos RV/Proyecto-Realidad-Virtual/Prototipo_1 4.10/Content/Mannequin/Animations/ThirdPersonWalk.uasset' has been saved with empty engine version. The asset will be loaded but may be incompatible.
[2015.12.01-14.05.39:887][  0]LogBlueprint:Warning: [compiler hoverCar] Warning 'meshComponent' is already a 'Static Mesh Component' (which inherits from 'Primitive Component'), so you don't need  Cast To PrimitiveComponent .
[2015.12.01-14.05.39:889][  0]LogBlueprint:Warning: [compiler hoverCar] Warning [0044.70] Compile of hoverCar successful, but with 1 Warning(s) [in 8 ms]
[2015.12.01-14.05.39:889][  0]LogBlueprint:Warning: [compiler hoverCar] Warning [0044.70] Compile of hoverCar successful, but with 2 Warning(s) [in 0 ms]
[2015.12.01-14.05.39:889][  0]LogBlueprint:Warning: [compiler hoverCar] Warning [0044.70] Compile of hoverCar successful, but with 3 Warning(s) [in 0 ms]
[2015.12.01-14.05.40:374][  0]LogBlueprint:Warning: [compiler hoverCar] Warning 'meshComponent' is already a 'Static Mesh Component' (which inherits from 'Primitive Component'), so you don't need  Cast To PrimitiveComponent .
[2015.12.01-14.05.40:376][  0]LogBlueprint:Warning: [compiler hoverCar] Warning [0045.19] Compile of hoverCar successful, but with 1 Warning(s) [in 4 ms]
[2015.12.01-14.05.40:376][  0]LogBlueprint:Warning: [compiler hoverCar] Warning [0045.19] Compile of hoverCar successful, but with 2 Warning(s) [in 0 ms]
[2015.12.01-14.05.40:376][  0]LogBlueprint:Warning: [compiler hoverCar] Warning [0045.19] Compile of hoverCar successful, but with 3 Warning(s) [in 0 ms]
[2015.12.01-14.05.40:773][  0]LogLinker:Warning: Can't find file '/Game/Edificio/Edificio1_gloss_Mat'
[2015.12.01-14.05.40:773][  0]LogLinker:Warning: Can't find file for asset '/Game/Edificio/Edificio1_gloss_Mat' while loading ../../../../../../Users/Daniel/Desktop/Dani/Proyectos RV/Proyecto-Realidad-Virtual/Prototipo_1 4.10/Content/ThirdPersonBP/Maps/ThirdPersonExampleMap.umap.
[2015.12.01-14.05.40:774][  0]LoadErrors:Error: Error /Game/ThirdPersonBP/Maps/ThirdPersonExampleMap : Can't find file for asset. /Game/Edificio/Edificio1_gloss_Mat
[2015.12.01-14.05.40:831][  0]LogLinker:Warning: Can't find file '/Game/Edificio/Edificio1_gloss_Mat'
[2015.12.01-14.05.40:831][  0]LogLinker:Warning: Can't find file for asset '/Game/Edificio/Edificio1_gloss_Mat' while loading ../../../../../../Users/Daniel/Desktop/Dani/Proyectos RV/Proyecto-Realidad-Virtual/Prototipo_1 4.10/Content/ThirdPersonBP/Maps/ThirdPersonExampleMap.umap.
[2015.12.01-14.05.40:832][  0]LoadErrors:Error: Error /Game/ThirdPersonBP/Maps/ThirdPersonExampleMap : Can't find file for asset. /Game/Edificio/Edificio1_gloss_Mat
[2015.12.01-14.05.41:045][  0]LogLinker:Warning: Can't find file '/Game/Edificio/Edificio1_gloss_Mat'
[2015.12.01-14.05.41:045][  0]LogLinker:Warning: Can't find file for asset '/Game/Edificio/Edificio1_gloss_Mat' while loading NULL.
[2015.12.01-14.05.41:046][  0]LogLinker:Warning: Can't find file '/Game/Edificio/Edificio1_gloss_Mat'
[2015.12.01-14.05.41:046][  0]LogLinker:Warning: Can't find file for asset '/Game/Edificio/Edificio1_gloss_Mat' while loading NULL.
[2015.12.01-14.05.41:201][  0]LogLinker:Warning: Can't find file '/Game/Edificio/Edificio1_gloss_Mat'
[2015.12.01-14.05.41:201][  0]LoadErrors: Info Failed to load /Game/Edificio/Edificio1_gloss_Mat.Edificio1_gloss_Mat Referenced by StaticMeshComponent0
[2015.12.01-14.05.41:202][  0]LogLinker:Warning: Can't find file for asset '/Game/Edificio/Edificio1_gloss_Mat' while loading NULL.
[2015.12.01-14.05.41:202][  0]LoadErrors: Info Failed to load /Game/Edificio/Edificio1_gloss_Mat.Edificio1_gloss_Mat Referenced by StaticMeshComponent0
[2015.12.01-14.05.44:156][  0]LogAIModule: Creating AISystem for world ThirdPersonExampleMap
[2015.12.01-14.05.44:181][  0]LogEditorServer: Finished looking for orphan Actors (0.000 secs)
[2015.12.01-14.05.44:182][  0]Cmd: MAP CHECKDEP NOCLEARLOG
[2015.12.01-14.05.44:513][  0]MapCheck: Info Map check complete: 0 Error(s), 0 Warning(s), took 330.633ms to complete.
[2015.12.01-14.05.44:514][  0]LogFileHelpers: Loading map 'ThirdPersonExampleMap' took 5.158
[2015.12.01-14.05.44:817][  0]LogCollectionManager: Loaded 0 collections in 0.002609 seconds
[2015.12.01-14.05.44:869][  0]LogFileCache: Scanning file cache for directory 'C:/Users/Daniel/Desktop/Dani/Proyectos RV/Proyecto-Realidad-Virtual/Prototipo_1 4.10/Saved/Collections/' took 0.01s
[2015.12.01-14.05.44:869][  0]LogFileCache: Scanning file cache for directory 'C:/Users/Daniel/Desktop/Dani/Proyectos RV/Proyecto-Realidad-Virtual/Prototipo_1 4.10/Content/Developers/Jorge/Collections/' took 0.01s
[2015.12.01-14.05.44:869][  0]LogFileCache: Scanning file cache for directory 'C:/Users/Daniel/Desktop/Dani/Proyectos RV/Proyecto-Realidad-Virtual/Prototipo_1 4.10/Content/Collections/' took 0.01s
[2015.12.01-14.05.44:869][  0]LogCollectionManager: Rebuilt the GUID cache for 0 collections in 0.000004 seconds
[2015.12.01-14.05.44:879][  0]LogContentBrowser: Native class hierarchy populated in 0.0102 seconds. Added 1893 classes and 338 folders.
[2015.12.01-14.05.44:886][  0]LogContentBrowser: Native class hierarchy updated for 'WidgetCarousel' in 0.0004 seconds. Added 0 classes and 0 folders.
[2015.12.01-14.05.46:989][  0]LogContentBrowser: Native class hierarchy updated for 'AddContentDialog' in 0.0012 seconds. Added 0 classes and 0 folders.
[2015.12.01-14.05.47:002][  0]LogContentBrowser: Native class hierarchy updated for 'SceneOutliner' in 0.0008 seconds. Added 1 classes and 2 folders.
[2015.12.01-14.05.47:047][  0]LogCrashTracker: Crashtracker disabled due to settings.
[2015.12.01-14.05.47:051][  0]LogUObjectGlobals:Warning: Failed to find object 'Class None.'
[2015.12.01-14.05.47:079][  0]LogLoad: Full Startup: 51.89 seconds (BP compile: 0.27 seconds)
[2015.12.01-14.05.47:103][  0]LogOcInput: Can't find Oculus library dev build: is proper Runtime installed? Version: 0.8.0.0
[2015.12.01-14.05.47:104][  0]LoadErrors:Error: Error /Game/ThirdPersonBP/Maps/ThirdPersonExampleMap : Failed import for AIS_C /Game/ThirdPersonBP/Blueprints/AIS.Default__AIS_C [redirection] in /Game/ThirdPersonBP/Maps/ThirdPersonExampleMap
[2015.12.01-14.05.47:104][  0]LoadErrors:Error: Error /Game/ThirdPersonBP/Maps/ThirdPersonExampleMap : Failed import for ArrowComponent /Game/ThirdPersonBP/Blueprints/AIS.Default__AIS_C:Arrow
[2015.12.01-14.05.47:104][  0]LoadErrors:Error: Error /Game/ThirdPersonBP/Maps/ThirdPersonExampleMap : Failed import for CapsuleComponent /Game/ThirdPersonBP/Blueprints/AIS.Default__AIS_C:CollisionCylinder
[2015.12.01-14.05.47:104][  0]LoadErrors:Error: Error /Game/ThirdPersonBP/Maps/ThirdPersonExampleMap : Failed import for CharacterMovementComponent /Game/ThirdPersonBP/Blueprints/AIS.Default__AIS_C:CharMoveComp
[2015.12.01-14.05.47:104][  0]LoadErrors:Error: Error /Game/ThirdPersonBP/Maps/ThirdPersonExampleMap : Failed import for SkeletalMeshComponent /Game/ThirdPersonBP/Blueprints/AIS.Default__AIS_C:CharacterMesh0
[2015.12.01-14.05.47:220][  0]LogContentStreaming: Texture pool size now 200 MB
[2015.12.01-14.05.47:527][  0]LogRenderer: Reallocating scene render targets to support 728x384 (Frame:2).
[2015.12.01-14.05.49:130][  5]LogAssetRegistry: Asset discovery search completed in 16.4839 seconds
[2015.12.01-14.05.49:130][  5]LogCollectionManager: Rebuilt the object cache for 0 collections in 0.000000 seconds (found 0 objects)
[2015.12.01-14.05.49:130][  5]LogCollectionManager: Fixed up redirectors for 0 collections in 0.000024 seconds (updated 0 objects)
[2015.12.01-14.06.45:868][268]LogLinker:Warning: Asset '../../../Engine/Content/ArtTools/RenderToTexture/Macros/RenderToTextureMacros.uasset' has been saved with empty engine version. The asset will be loaded but may be incompatible.
[2015.12.01-14.06.46:442][268]LogContentBrowser: Native class hierarchy updated for 'BlueprintGraph' in 0.0007 seconds. Added 107 classes and 0 folders.
[2015.12.01-14.15.34:144][288]LogAIModule: Creating AISystem for world menumapa
[2015.12.01-14.15.36:250][288]LogSavePackage: Save=46.575085ms
[2015.12.01-14.15.36:250][288]LogSavePackage: Moving '../../../../../../Users/Daniel/Desktop/Dani/Proyectos RV/Proyecto-Realidad-Virtual/Prototipo_1 4.10/Saved/Pausa11EFAE434F2AE161A34B99B2D18FDDE7.tmp' to '../../../../../../Users/Daniel/Desktop/Dani/Proyectos RV/Proyecto-Realidad-Virtual/Prototipo_1 4.10/Content/HUD/Menu_Pausa/Pausa.uasset'
[2015.12.01-14.15.36:264][288]LogSavePackage: Total save time: 141.370993ms
[2015.12.01-14.15.36:265][288]LogSavePackage:Display: Finished SavePackage ../../../../../../Users/Daniel/Desktop/Dani/Proyectos RV/Proyecto-Realidad-Virtual/Prototipo_1 4.10/Content/HUD/Menu_Pausa/Pausa.uasset
[2015.12.01-14.15.36:272][288]Cmd: MAP LOAD FILE="../../../../../../Users/Daniel/Desktop/Dani/Proyectos RV/Proyecto-Realidad-Virtual/Prototipo_1 4.10/Content/Maps/menumapa.umap" TEMPLATE=0 SHOWPROGRESS=1 FEATURELEVEL=3
[2015.12.01-14.15.36:272][288]LightingResults: New page: Lighting Build
[2015.12.01-14.15.36:365][288]LoadErrors: New page: Loading map: menumapa.umap
[2015.12.01-14.15.36:370][288]MapCheck: New page: Map Check
[2015.12.01-14.15.36:370][288]LightingResults: New page: Lighting Build
[2015.12.01-14.15.36:502][288]LogParticles: Destroying 0 GPU particle simulations for FXSystem 0x00000045E7E7FA60
[2015.12.01-14.15.36:533][288]LogEditorServer: Finished looking for orphan Actors (0.000 secs)
[2015.12.01-14.15.36:717][288]Cmd: MAP CHECKDEP NOCLEARLOG
[2015.12.01-14.15.37:413][288]MapCheck: Info Map check complete: 0 Error(s), 0 Warning(s), took 695.587ms to complete.
[2015.12.01-14.15.37:415][288]LogFileHelpers: Loading map 'menumapa' took 1.146
[2015.12.01-14.15.41:573][524]LogBlueprintUserMessages: Early PlayInEditor Detection: Level '/Game/Maps/menumapa.menumapa:PersistentLevel' has LevelScriptBlueprint '/Game/Maps/menumapa.menumapa:PersistentLevel.menumapa' with GeneratedClass '/Game/Maps/menumapa.menumapa_C' with ClassGeneratedBy '/Game/Maps/menumapa.menumapa:PersistentLevel.menumapa'
[2015.12.01-14.15.41:573][524]BlueprintLog: New page: Pre-Play auto-recompile
[2015.12.01-14.15.41:580][524]LogPlayLevel: [PlayLevel] Compiling Pausa before play...
[2015.12.01-14.15.41:678][524]LogPlayLevel: PlayLevel: Blueprint regeneration took 104 ms (1 blueprints)
[2015.12.01-14.15.41:743][524]PIE: New page: PIE session: menumapa (Dec 1, 2015, 4:15:41 AM)
[2015.12.01-14.15.41:743][524]LogPlayLevel: Creating play world package: /Game/Maps/UEDPIE_0_menumapa
[2015.12.01-14.15.41:747][524]LogPlayLevel: PIE: StaticDuplicateObject took: (0.003902s)
[2015.12.01-14.15.41:748][524]LogAIModule: Creating AISystem for world menumapa
[2015.12.01-14.15.41:748][524]LogPlayLevel: PIE: World Init took: (0.001622s)
[2015.12.01-14.15.41:749][524]LogPlayLevel: PIE: Created PIE world by copying editor world from /Game/Maps/menumapa.menumapa to /Game/Maps/UEDPIE_0_menumapa.menumapa (0.005879s)
[2015.12.01-14.15.41:809][524]LogInit: XAudio2 using 'Speakers (Conexant SmartAudio HD)' : 2 channels at 48 kHz using 32 bits per sample (channel mask 0x3)
[2015.12.01-14.15.41:823][524]LogInit: FAudioDevice initialized.
[2015.12.01-14.15.42:024][524]LogWorld: Game class is 'ThirdPersonGameMode_C'
[2015.12.01-14.15.42:026][524]LogWorld: Bringing World /Game/Maps/UEDPIE_0_menumapa.menumapa up for play (max tick rate 60) at 2015.12.01-09.15.42
[2015.12.01-14.15.42:026][524]LogActor:Warning: GameSession /Game/Maps/UEDPIE_0_menumapa.menumapa:PersistentLevel.GameSession_0 has natively added scene component(s), but none of them were set as the actor's RootComponent - picking one arbitrarily
[2015.12.01-14.15.42:027][524]LogActor:Warning: GameNetworkManager /Game/Maps/UEDPIE_0_menumapa.menumapa:PersistentLevel.GameNetworkManager_0 has natively added scene component(s), but none of them were set as the actor's RootComponent - picking one arbitrarily
[2015.12.01-14.15.42:027][524]LogWorld: Bringing up level for play took: 0.001697
[2015.12.01-14.15.42:059][524]PIE: Info Play in editor start time for /Game/Maps/UEDPIE_0_menumapa 0.1
[2015.12.01-14.15.42:059][524]LogBlueprintUserMessages: Late PlayInEditor Detection: Level '/Game/Maps/menumapa.menumapa:PersistentLevel' has LevelScriptBlueprint '/Game/Maps/menumapa.menumapa:PersistentLevel.menumapa' with GeneratedClass '/Game/Maps/menumapa.menumapa_C' with ClassGeneratedBy '/Game/Maps/menumapa.menumapa:PersistentLevel.menumapa'
[2015.12.01-14.15.44:838][662]LogPackageName: SearchForPackageOnDisk took   0.133s to resolve Nivel_1.umap.
[2015.12.01-14.15.44:937][662]LogPackageName: SearchForPackageOnDisk took   0.098s to resolve Nivel_1.umap.
[2015.12.01-14.15.44:937][662]LogNet: Browse: /Game/Maps/Nivel_1
[2015.12.01-14.15.44:937][662]LogLoad: LoadMap: /Game/Maps/Nivel_1
[2015.12.01-14.15.44:994][662]LogParticles: Destroying 0 GPU particle simulations for FXSystem 0x00000045913AF560
[2015.12.01-14.15.44:995][662]Cmd: MEM
[2015.12.01-14.15.45:049][662]LogMemory: Platform Memory Stats for Windows
[2015.12.01-14.15.45:049][662]LogMemory: Process Physical Memory: 1347.57 MB used, 1354.66 MB peak
[2015.12.01-14.15.45:049][662]LogMemory: Process Virtual Memory: 1525.79 MB used, 1539.40 MB peak
[2015.12.01-14.15.45:049][662]LogMemory: Physical Memory: 4885.14 MB used, 12208.14 MB total
[2015.12.01-14.15.45:049][662]LogMemory: Virtual Memory: 2302.04 MB used, 134217728.00 MB total
[2015.12.01-14.15.45:049][662]LogMemory: 
[2015.12.01-14.15.45:049][662]Allocator Stats for TBB: (not implemented)
[2015.12.01-14.15.45:435][662]LogK2Compiler:Warning: Failed to patch linker table for blueprint CDO Default__Nivel_C
[2015.12.01-14.15.52:509][662]LogAIModule: Creating AISystem for world Nivel_1
[2015.12.01-14.15.52:510][662]LogWorld: Game class is 'ThirdPersonGameMode_C'
[2015.12.01-14.15.56:119][662]LogWorld: Bringing World /Game/Maps/UEDPIE_0_Nivel_1.Nivel_1 up for play (max tick rate 60) at 2015.12.01-09.15.56
[2015.12.01-14.15.56:119][662]LogActor:Warning: GameSession /Game/Maps/UEDPIE_0_Nivel_1.Nivel_1:PersistentLevel.GameSession_1 has natively added scene component(s), but none of them were set as the actor's RootComponent - picking one arbitrarily
[2015.12.01-14.15.56:119][662]LogActor:Warning: GameNetworkManager /Game/Maps/UEDPIE_0_Nivel_1.Nivel_1:PersistentLevel.GameNetworkManager_1 has natively added scene component(s), but none of them were set as the actor's RootComponent - picking one arbitrarily
[2015.12.01-14.15.56:127][662]LogWorld: Bringing up level for play took: 3.616519
[2015.12.01-14.16.01:786][841]LogBlueprintUserMessages: Early EndPlayMap Detection: Level '/Game/Maps/menumapa.menumapa:PersistentLevel' has LevelScriptBlueprint '/Game/Maps/menumapa.menumapa:PersistentLevel.menumapa' with GeneratedClass '/Game/Maps/menumapa.menumapa_C' with ClassGeneratedBy '/Game/Maps/menumapa.menumapa:PersistentLevel.menumapa'
[2015.12.01-14.16.02:032][841]LogBlueprintUserMessages: Late EndPlayMap Detection: Level '/Game/Maps/menumapa.menumapa:PersistentLevel' has LevelScriptBlueprint '/Game/Maps/menumapa.menumapa:PersistentLevel.menumapa' with GeneratedClass '/Game/Maps/menumapa.menumapa_C' with ClassGeneratedBy '/Game/Maps/menumapa.menumapa:PersistentLevel.menumapa'
[2015.12.01-14.16.02:272][841]LogParticles: Destroying 0 GPU particle simulations for FXSystem 0x00000045EF886700
[2015.12.01-14.18.21:625][381]BlueprintLog: New page: Compile GameMode
[2015.12.01-14.18.21:777][381]LogParticles: Destroying 0 GPU particle simulations for FXSystem 0x00000045E5E02DE0
[2015.12.01-14.18.21:799][381]LogParticles: Destroying 0 GPU particle simulations for FXSystem 0x00000045E5E02520
[2015.12.01-14.18.21:799][381]BlueprintEditorCompileResults: Info [0806.61] Compile of GameMode successful! [in 173 ms]
[2015.12.01-14.18.22:584][423]LogBlueprintUserMessages: Early PlayInEditor Detection: Level '/Game/Maps/menumapa.menumapa:PersistentLevel' has LevelScriptBlueprint '/Game/Maps/menumapa.menumapa:PersistentLevel.menumapa' with GeneratedClass '/Game/Maps/menumapa.menumapa_C' with ClassGeneratedBy '/Game/Maps/menumapa.menumapa:PersistentLevel.menumapa'
[2015.12.01-14.18.22:584][423]LogPlayLevel: PlayLevel: No blueprints needed recompiling
[2015.12.01-14.18.22:584][423]PIE: New page: PIE session: menumapa (Dec 1, 2015, 4:18:22 AM)
[2015.12.01-14.18.22:584][423]LogPlayLevel: Creating play world package: /Game/Maps/UEDPIE_0_menumapa
[2015.12.01-14.18.22:589][423]LogPlayLevel: PIE: StaticDuplicateObject took: (0.004733s)
[2015.12.01-14.18.22:590][423]LogAIModule: Creating AISystem for world menumapa
[2015.12.01-14.18.22:590][423]LogPlayLevel: PIE: World Init took: (0.001438s)
[2015.12.01-14.18.22:591][423]LogPlayLevel: PIE: Created PIE world by copying editor world from /Game/Maps/menumapa.menumapa to /Game/Maps/UEDPIE_0_menumapa.menumapa (0.006549s)
[2015.12.01-14.18.22:664][423]LogInit: XAudio2 using 'Speakers (Conexant SmartAudio HD)' : 2 channels at 48 kHz using 32 bits per sample (channel mask 0x3)
[2015.12.01-14.18.22:677][423]LogInit: FAudioDevice initialized.
[2015.12.01-14.18.22:762][423]LogWorld: Game class is 'ThirdPersonGameMode_C'
[2015.12.01-14.18.22:768][423]LogWorld: Bringing World /Game/Maps/UEDPIE_0_menumapa.menumapa up for play (max tick rate 60) at 2015.12.01-09.18.22
[2015.12.01-14.18.22:768][423]LogActor:Warning: GameSession /Game/Maps/UEDPIE_0_menumapa.menumapa:PersistentLevel.GameSession_2 has natively added scene component(s), but none of them were set as the actor's RootComponent - picking one arbitrarily
[2015.12.01-14.18.22:768][423]LogActor:Warning: GameNetworkManager /Game/Maps/UEDPIE_0_menumapa.menumapa:PersistentLevel.GameNetworkManager_2 has natively added scene component(s), but none of them were set as the actor's RootComponent - picking one arbitrarily
[2015.12.01-14.18.22:769][423]LogWorld: Bringing up level for play took: 0.005409
[2015.12.01-14.18.22:771][423]LogGameMode: Warning - PATHS NOT DEFINED or NO PLAYERSTART with positive rating
[2015.12.01-14.18.22:802][423]PIE: Info Play in editor start time for /Game/Maps/UEDPIE_0_menumapa 0.844
[2015.12.01-14.18.22:802][423]LogBlueprintUserMessages: Late PlayInEditor Detection: Level '/Game/Maps/menumapa.menumapa:PersistentLevel' has LevelScriptBlueprint '/Game/Maps/menumapa.menumapa:PersistentLevel.menumapa' with GeneratedClass '/Game/Maps/menumapa.menumapa_C' with ClassGeneratedBy '/Game/Maps/menumapa.menumapa:PersistentLevel.menumapa'
[2015.12.01-14.18.24:092][467]LogPackageName: SearchForPackageOnDisk took   0.275s to resolve Nivel_1.umap.
[2015.12.01-14.18.24:329][467]LogPackageName: SearchForPackageOnDisk took   0.234s to resolve Nivel_1.umap.
[2015.12.01-14.18.24:329][467]LogNet: Browse: /Game/Maps/Nivel_1
[2015.12.01-14.18.24:329][467]LogLoad: LoadMap: /Game/Maps/Nivel_1
[2015.12.01-14.18.24:419][467]LogParticles: Destroying 0 GPU particle simulations for FXSystem 0x0000004615EC25C0
[2015.12.01-14.18.24:424][467]Cmd: MEM
[2015.12.01-14.18.24:509][467]LogMemory: Platform Memory Stats for Windows
[2015.12.01-14.18.24:509][467]LogMemory: Process Physical Memory: 1851.80 MB used, 1971.81 MB peak
[2015.12.01-14.18.24:509][467]LogMemory: Process Virtual Memory: 2184.91 MB used, 2195.34 MB peak
[2015.12.01-14.18.24:509][467]LogMemory: Physical Memory: 5334.30 MB used, 12208.14 MB total
[2015.12.01-14.18.24:509][467]LogMemory: Virtual Memory: 3019.21 MB used, 134217728.00 MB total
[2015.12.01-14.18.24:509][467]LogMemory: 
[2015.12.01-14.18.24:509][467]Allocator Stats for TBB: (not implemented)
[2015.12.01-14.18.24:533][467]LogLinker:Warning: Asset '../../../../../../Users/Daniel/Desktop/Dani/Proyectos RV/Proyecto-Realidad-Virtual/Prototipo_1 4.10/Content/Mannequin/Animations/ThirdPerson_AnimBP.uasset' has been saved with empty engine version. The asset will be loaded but may be incompatible.
[2015.12.01-14.18.24:537][467]LogLinker:Warning: Asset '../../../../../../Users/Daniel/Desktop/Dani/Proyectos RV/Proyecto-Realidad-Virtual/Prototipo_1 4.10/Content/Mannequin/Animations/ThirdPerson_Jump.uasset' has been saved with empty engine version. The asset will be loaded but may be incompatible.
[2015.12.01-14.18.24:540][467]LogLinker:Warning: Asset '../../../../../../Users/Daniel/Desktop/Dani/Proyectos RV/Proyecto-Realidad-Virtual/Prototipo_1 4.10/Content/Mannequin/Animations/ThirdPersonJump_Loop.uasset' has been saved with empty engine version. The asset will be loaded but may be incompatible.
[2015.12.01-14.18.24:543][467]LogLinker:Warning: Asset '../../../../../../Users/Daniel/Desktop/Dani/Proyectos RV/Proyecto-Realidad-Virtual/Prototipo_1 4.10/Content/Mannequin/Animations/ThirdPersonJump_Start.uasset' has been saved with empty engine version. The asset will be loaded but may be incompatible.
[2015.12.01-14.18.24:545][467]LogLinker:Warning: Asset '../../../../../../Users/Daniel/Desktop/Dani/Proyectos RV/Proyecto-Realidad-Virtual/Prototipo_1 4.10/Content/Mannequin/Animations/ThirdPerson_IdleRun_2D.uasset' has been saved with empty engine version. The asset will be loaded but may be incompatible.
[2015.12.01-14.18.24:546][467]LogLinker:Warning: Asset '../../../../../../Users/Daniel/Desktop/Dani/Proyectos RV/Proyecto-Realidad-Virtual/Prototipo_1 4.10/Content/Mannequin/Animations/ThirdPersonIdle.uasset' has been saved with empty engine version. The asset will be loaded but may be incompatible.
[2015.12.01-14.18.24:548][467]LogLinker:Warning: Asset '../../../../../../Users/Daniel/Desktop/Dani/Proyectos RV/Proyecto-Realidad-Virtual/Prototipo_1 4.10/Content/Mannequin/Animations/ThirdPersonRun.uasset' has been saved with empty engine version. The asset will be loaded but may be incompatible.
[2015.12.01-14.18.24:550][467]LogLinker:Warning: Asset '../../../../../../Users/Daniel/Desktop/Dani/Proyectos RV/Proyecto-Realidad-Virtual/Prototipo_1 4.10/Content/Mannequin/Animations/ThirdPersonWalk.uasset' has been saved with empty engine version. The asset will be loaded but may be incompatible.
[2015.12.01-14.18.25:043][467]LogK2Compiler:Warning: Failed to patch linker table for blueprint CDO Default__Nivel_C
[2015.12.01-14.18.27:306][467]LogAIModule: Creating AISystem for world Nivel_1
[2015.12.01-14.18.27:307][467]LogWorld: Game class is 'ThirdPersonGameMode_C'
[2015.12.01-14.18.31:799][467]LogWorld: Bringing World /Game/Maps/UEDPIE_0_Nivel_1.Nivel_1 up for play (max tick rate 60) at 2015.12.01-09.18.31
[2015.12.01-14.18.31:799][467]LogActor:Warning: GameSession /Game/Maps/UEDPIE_0_Nivel_1.Nivel_1:PersistentLevel.GameSession_3 has natively added scene component(s), but none of them were set as the actor's RootComponent - picking one arbitrarily
[2015.12.01-14.18.31:799][467]LogActor:Warning: GameNetworkManager /Game/Maps/UEDPIE_0_Nivel_1.Nivel_1:PersistentLevel.GameNetworkManager_3 has natively added scene component(s), but none of them were set as the actor's RootComponent - picking one arbitrarily
[2015.12.01-14.18.31:808][467]LogWorld: Bringing up level for play took: 4.499956
[2015.12.01-14.19.00:516][370]LogBlueprintUserMessages: Early EndPlayMap Detection: Level '/Game/Maps/menumapa.menumapa:PersistentLevel' has LevelScriptBlueprint '/Game/Maps/menumapa.menumapa:PersistentLevel.menumapa' with GeneratedClass '/Game/Maps/menumapa.menumapa_C' with ClassGeneratedBy '/Game/Maps/menumapa.menumapa:PersistentLevel.menumapa'
[2015.12.01-14.19.00:636][370]LogBlueprintUserMessages: Late EndPlayMap Detection: Level '/Game/Maps/menumapa.menumapa:PersistentLevel' has LevelScriptBlueprint '/Game/Maps/menumapa.menumapa:PersistentLevel.menumapa' with GeneratedClass '/Game/Maps/menumapa.menumapa_C' with ClassGeneratedBy '/Game/Maps/menumapa.menumapa:PersistentLevel.menumapa'
[2015.12.01-14.19.00:792][371]LogParticles: Destroying 0 GPU particle simulations for FXSystem 0x000000461FFBBA60
[2015.12.01-14.19.03:919][544]LogSavePackage: Save=21.501263ms
[2015.12.01-14.19.03:919][544]LogSavePackage: Moving '../../../../../../Users/Daniel/Desktop/Dani/Proyectos RV/Proyecto-Realidad-Virtual/Prototipo_1 4.10/Saved/GameModeA53A09994CC5CCD1D49B38BAFD857598.tmp' to '../../../../../../Users/Daniel/Desktop/Dani/Proyectos RV/Proyecto-Realidad-Virtual/Prototipo_1 4.10/Content/HUD/Game_Mode/GameMode.uasset'
[2015.12.01-14.19.03:925][544]LogSavePackage: Total save time: 61.194140ms
[2015.12.01-14.19.03:925][544]LogSavePackage:Display: Finished SavePackage ../../../../../../Users/Daniel/Desktop/Dani/Proyectos RV/Proyecto-Realidad-Virtual/Prototipo_1 4.10/Content/HUD/Game_Mode/GameMode.uasset
[2015.12.01-14.58.46:024][361]LogD3D11RHI: Timed out while waiting for GPU to catch up. (500 ms)
[2015.12.01-14.59.42:231][502]LogBlueprintUserMessages: Early PlayInEditor Detection: Level '/Game/Maps/menumapa.menumapa:PersistentLevel' has LevelScriptBlueprint '/Game/Maps/menumapa.menumapa:PersistentLevel.menumapa' with GeneratedClass '/Game/Maps/menumapa.menumapa_C' with ClassGeneratedBy '/Game/Maps/menumapa.menumapa:PersistentLevel.menumapa'
[2015.12.01-14.59.42:231][502]LogPlayLevel: PlayLevel: No blueprints needed recompiling
[2015.12.01-14.59.42:231][502]PIE: New page: PIE session: menumapa (Dec 1, 2015, 4:59:42 AM)
[2015.12.01-14.59.42:231][502]LogPlayLevel: Creating play world package: /Game/Maps/UEDPIE_0_menumapa
[2015.12.01-14.59.42:235][502]LogPlayLevel: PIE: StaticDuplicateObject took: (0.003550s)
[2015.12.01-14.59.42:236][502]LogAIModule: Creating AISystem for world menumapa
[2015.12.01-14.59.42:236][502]LogPlayLevel: PIE: World Init took: (0.001022s)
[2015.12.01-14.59.42:236][502]LogPlayLevel: PIE: Created PIE world by copying editor world from /Game/Maps/menumapa.menumapa to /Game/Maps/UEDPIE_0_menumapa.menumapa (0.004801s)
[2015.12.01-14.59.42:292][502]LogInit: XAudio2 using 'Speakers (Conexant SmartAudio HD)' : 2 channels at 48 kHz using 32 bits per sample (channel mask 0x3)
[2015.12.01-14.59.42:304][502]LogInit: FAudioDevice initialized.
[2015.12.01-14.59.42:386][502]LogWorld: Game class is 'ThirdPersonGameMode_C'
[2015.12.01-14.59.42:388][502]LogWorld: Bringing World /Game/Maps/UEDPIE_0_menumapa.menumapa up for play (max tick rate 0) at 2015.12.01-09.59.42
[2015.12.01-14.59.42:388][502]LogActor:Warning: GameSession /Game/Maps/UEDPIE_0_menumapa.menumapa:PersistentLevel.GameSession_4 has natively added scene component(s), but none of them were set as the actor's RootComponent - picking one arbitrarily
[2015.12.01-14.59.42:389][502]LogActor:Warning: GameNetworkManager /Game/Maps/UEDPIE_0_menumapa.menumapa:PersistentLevel.GameNetworkManager_4 has natively added scene component(s), but none of them were set as the actor's RootComponent - picking one arbitrarily
[2015.12.01-14.59.42:389][502]LogWorld: Bringing up level for play took: 0.001960
[2015.12.01-14.59.42:417][502]PIE: Info Play in editor start time for /Game/Maps/UEDPIE_0_menumapa 0.469
[2015.12.01-14.59.42:417][502]LogBlueprintUserMessages: Late PlayInEditor Detection: Level '/Game/Maps/menumapa.menumapa:PersistentLevel' has LevelScriptBlueprint '/Game/Maps/menumapa.menumapa:PersistentLevel.menumapa' with GeneratedClass '/Game/Maps/menumapa.menumapa_C' with ClassGeneratedBy '/Game/Maps/menumapa.menumapa:PersistentLevel.menumapa'
[2015.12.01-14.59.44:052][593]LogPackageName: SearchForPackageOnDisk took   0.128s to resolve Nivel_1.umap.
[2015.12.01-14.59.44:191][593]LogPackageName: SearchForPackageOnDisk took   0.138s to resolve Nivel_1.umap.
[2015.12.01-14.59.44:191][593]LogNet: Browse: /Game/Maps/Nivel_1
[2015.12.01-14.59.44:192][593]LogLoad: LoadMap: /Game/Maps/Nivel_1
[2015.12.01-14.59.44:283][593]LogParticles: Destroying 0 GPU particle simulations for FXSystem 0x0000004591270CC0
[2015.12.01-14.59.44:290][593]Cmd: MEM
[2015.12.01-14.59.44:368][593]LogMemory: Platform Memory Stats for Windows
[2015.12.01-14.59.44:369][593]LogMemory: Process Physical Memory: 1890.28 MB used, 2032.95 MB peak
[2015.12.01-14.59.44:369][593]LogMemory: Process Virtual Memory: 2184.66 MB used, 2344.08 MB peak
[2015.12.01-14.59.44:369][593]LogMemory: Physical Memory: 5326.31 MB used, 12208.14 MB total
[2015.12.01-14.59.44:369][593]LogMemory: Virtual Memory: 3092.22 MB used, 134217728.00 MB total
[2015.12.01-14.59.44:369][593]LogMemory: 
[2015.12.01-14.59.44:369][593]Allocator Stats for TBB: (not implemented)
[2015.12.01-14.59.44:389][593]LogLinker:Warning: Asset '../../../../../../Users/Daniel/Desktop/Dani/Proyectos RV/Proyecto-Realidad-Virtual/Prototipo_1 4.10/Content/Mannequin/Animations/ThirdPerson_AnimBP.uasset' has been saved with empty engine version. The asset will be loaded but may be incompatible.
[2015.12.01-14.59.44:393][593]LogLinker:Warning: Asset '../../../../../../Users/Daniel/Desktop/Dani/Proyectos RV/Proyecto-Realidad-Virtual/Prototipo_1 4.10/Content/Mannequin/Animations/ThirdPerson_Jump.uasset' has been saved with empty engine version. The asset will be loaded but may be incompatible.
[2015.12.01-14.59.44:397][593]LogLinker:Warning: Asset '../../../../../../Users/Daniel/Desktop/Dani/Proyectos RV/Proyecto-Realidad-Virtual/Prototipo_1 4.10/Content/Mannequin/Animations/ThirdPersonJump_Loop.uasset' has been saved with empty engine version. The asset will be loaded but may be incompatible.
[2015.12.01-14.59.44:399][593]LogLinker:Warning: Asset '../../../../../../Users/Daniel/Desktop/Dani/Proyectos RV/Proyecto-Realidad-Virtual/Prototipo_1 4.10/Content/Mannequin/Animations/ThirdPersonJump_Start.uasset' has been saved with empty engine version. The asset will be loaded but may be incompatible.
[2015.12.01-14.59.44:402][593]LogLinker:Warning: Asset '../../../../../../Users/Daniel/Desktop/Dani/Proyectos RV/Proyecto-Realidad-Virtual/Prototipo_1 4.10/Content/Mannequin/Animations/ThirdPerson_IdleRun_2D.uasset' has been saved with empty engine version. The asset will be loaded but may be incompatible.
[2015.12.01-14.59.44:404][593]LogLinker:Warning: Asset '../../../../../../Users/Daniel/Desktop/Dani/Proyectos RV/Proyecto-Realidad-Virtual/Prototipo_1 4.10/Content/Mannequin/Animations/ThirdPersonIdle.uasset' has been saved with empty engine version. The asset will be loaded but may be incompatible.
[2015.12.01-14.59.44:405][593]LogLinker:Warning: Asset '../../../../../../Users/Daniel/Desktop/Dani/Proyectos RV/Proyecto-Realidad-Virtual/Prototipo_1 4.10/Content/Mannequin/Animations/ThirdPersonRun.uasset' has been saved with empty engine version. The asset will be loaded but may be incompatible.
[2015.12.01-14.59.44:409][593]LogLinker:Warning: Asset '../../../../../../Users/Daniel/Desktop/Dani/Proyectos RV/Proyecto-Realidad-Virtual/Prototipo_1 4.10/Content/Mannequin/Animations/ThirdPersonWalk.uasset' has been saved with empty engine version. The asset will be loaded but may be incompatible.
[2015.12.01-14.59.44:849][593]LogK2Compiler:Warning: Failed to patch linker table for blueprint CDO Default__Nivel_C
[2015.12.01-14.59.46:889][593]LogAIModule: Creating AISystem for world Nivel_1
[2015.12.01-14.59.46:889][593]LogWorld: Game class is 'ThirdPersonGameMode_C'
[2015.12.01-14.59.50:195][593]LogWorld: Bringing World /Game/Maps/UEDPIE_0_Nivel_1.Nivel_1 up for play (max tick rate 0) at 2015.12.01-09.59.50
[2015.12.01-14.59.50:195][593]LogActor:Warning: GameSession /Game/Maps/UEDPIE_0_Nivel_1.Nivel_1:PersistentLevel.GameSession_5 has natively added scene component(s), but none of them were set as the actor's RootComponent - picking one arbitrarily
[2015.12.01-14.59.50:196][593]LogActor:Warning: GameNetworkManager /Game/Maps/UEDPIE_0_Nivel_1.Nivel_1:PersistentLevel.GameNetworkManager_5 has natively added scene component(s), but none of them were set as the actor's RootComponent - picking one arbitrarily
[2015.12.01-14.59.50:203][593]LogWorld: Bringing up level for play took: 3.313542
[2015.12.01-15.00.04:984][177]LogBlueprintUserMessages: Early EndPlayMap Detection: Level '/Game/Maps/menumapa.menumapa:PersistentLevel' has LevelScriptBlueprint '/Game/Maps/menumapa.menumapa:PersistentLevel.menumapa' with GeneratedClass '/Game/Maps/menumapa.menumapa_C' with ClassGeneratedBy '/Game/Maps/menumapa.menumapa:PersistentLevel.menumapa'
[2015.12.01-15.00.05:107][177]LogBlueprintUserMessages: Late EndPlayMap Detection: Level '/Game/Maps/menumapa.menumapa:PersistentLevel' has LevelScriptBlueprint '/Game/Maps/menumapa.menumapa:PersistentLevel.menumapa' with GeneratedClass '/Game/Maps/menumapa.menumapa_C' with ClassGeneratedBy '/Game/Maps/menumapa.menumapa:PersistentLevel.menumapa'
[2015.12.01-15.00.05:275][178]LogParticles: Destroying 0 GPU particle simulations for FXSystem 0x00000045CDE09BC0
[2015.12.01-15.00.10:720][534]LogLinker:Warning: Asset '../../../../../../Users/Daniel/Desktop/Dani/Proyectos RV/Proyecto-Realidad-Virtual/Prototipo_1 4.10/Content/Mannequin/Animations/ThirdPerson_AnimBP.uasset' has been saved with empty engine version. The asset will be loaded but may be incompatible.
[2015.12.01-15.00.10:724][534]LogLinker:Warning: Asset '../../../../../../Users/Daniel/Desktop/Dani/Proyectos RV/Proyecto-Realidad-Virtual/Prototipo_1 4.10/Content/Mannequin/Animations/ThirdPerson_Jump.uasset' has been saved with empty engine version. The asset will be loaded but may be incompatible.
[2015.12.01-15.00.10:728][534]LogLinker:Warning: Asset '../../../../../../Users/Daniel/Desktop/Dani/Proyectos RV/Proyecto-Realidad-Virtual/Prototipo_1 4.10/Content/Mannequin/Animations/ThirdPersonJump_Loop.uasset' has been saved with empty engine version. The asset will be loaded but may be incompatible.
[2015.12.01-15.00.10:731][534]LogLinker:Warning: Asset '../../../../../../Users/Daniel/Desktop/Dani/Proyectos RV/Proyecto-Realidad-Virtual/Prototipo_1 4.10/Content/Mannequin/Animations/ThirdPersonJump_Start.uasset' has been saved with empty engine version. The asset will be loaded but may be incompatible.
[2015.12.01-15.00.10:733][534]LogLinker:Warning: Asset '../../../../../../Users/Daniel/Desktop/Dani/Proyectos RV/Proyecto-Realidad-Virtual/Prototipo_1 4.10/Content/Mannequin/Animations/ThirdPerson_IdleRun_2D.uasset' has been saved with empty engine version. The asset will be loaded but may be incompatible.
[2015.12.01-15.00.10:734][534]LogLinker:Warning: Asset '../../../../../../Users/Daniel/Desktop/Dani/Proyectos RV/Proyecto-Realidad-Virtual/Prototipo_1 4.10/Content/Mannequin/Animations/ThirdPersonIdle.uasset' has been saved with empty engine version. The asset will be loaded but may be incompatible.
[2015.12.01-15.00.10:738][534]LogLinker:Warning: Asset '../../../../../../Users/Daniel/Desktop/Dani/Proyectos RV/Proyecto-Realidad-Virtual/Prototipo_1 4.10/Content/Mannequin/Animations/ThirdPersonRun.uasset' has been saved with empty engine version. The asset will be loaded but may be incompatible.
[2015.12.01-15.00.10:741][534]LogLinker:Warning: Asset '../../../../../../Users/Daniel/Desktop/Dani/Proyectos RV/Proyecto-Realidad-Virtual/Prototipo_1 4.10/Content/Mannequin/Animations/ThirdPersonWalk.uasset' has been saved with empty engine version. The asset will be loaded but may be incompatible.
[2015.12.01-15.00.11:171][534]LogK2Compiler:Warning: Failed to patch linker table for blueprint CDO Default__Nivel_C
[2015.12.01-15.00.12:897][534]LogAIModule: Creating AISystem for world Nivel_1
[2015.12.01-15.00.15:294][534]Cmd: MAP LOAD FILE="../../../../../../Users/Daniel/Desktop/Dani/Proyectos RV/Proyecto-Realidad-Virtual/Prototipo_1 4.10/Content/Maps/Nivel_1.umap" TEMPLATE=0 SHOWPROGRESS=1 FEATURELEVEL=3
[2015.12.01-15.00.15:294][534]LightingResults: New page: Lighting Build
[2015.12.01-15.00.15:333][534]LoadErrors: New page: Loading map: Nivel_1.umap
[2015.12.01-15.00.15:334][534]MapCheck: New page: Map Check
[2015.12.01-15.00.15:334][534]LightingResults: New page: Lighting Build
[2015.12.01-15.00.15:380][534]LogParticles: Destroying 0 GPU particle simulations for FXSystem 0x00000045E7683560
[2015.12.01-15.00.17:757][534]LogEditorServer: Finished looking for orphan Actors (0.000 secs)
[2015.12.01-15.00.17:857][534]Cmd: MAP CHECKDEP NOCLEARLOG
[2015.12.01-15.00.18:111][534]MapCheck: Info Map check complete: 0 Error(s), 0 Warning(s), took 254.029ms to complete.
[2015.12.01-15.00.18:118][534]LogFileHelpers: Loading map 'Nivel_1' took 2.826
[2015.12.01-15.00.33:676][ 28]LogMaterial: Missing cached shader map for material Material_0, compiling. 
[2015.12.01-15.00.40:585][319]LogEditorViewport: Clicking Background
[2015.12.01-15.01.26:330][921]LogEditorViewport: Clicking on Actor (LMB): Spline_calle_C (Spline_calle)
[2015.12.01-15.01.38:797][451]LogEditorViewport: Clicking on Actor (LMB): Spline_calle_C (Spline_calle)
[2015.12.01-15.01.58:158][293]LogEditorViewport: Clicking on Actor (LMB): Spline_calle_C (Spline_calle)
[2015.12.01-15.02.19:611][126]LogEditorViewport: Clicking on Actor (LMB): Spline_calle_C (Spline_calle)
[2015.12.01-15.02.53:389][624]LogEditorViewport: Clicking on Actor (LMB): Spline_calle_C (Spline_calle10)
[2015.12.01-15.03.21:757][626]LogEditorViewport: Clicking on Actor (LMB): StaticMeshActor (Floor2)
[2015.12.01-15.03.42:705][395]LogSavePackage: Save=1911.334717ms
[2015.12.01-15.03.42:705][395]LogSavePackage: Moving '../../../../../../Users/Daniel/Desktop/Dani/Proyectos RV/Proyecto-Realidad-Virtual/Prototipo_1 4.10/Saved/Nivel_1788A11264C29066235B80EA2BFE9D230.tmp' to '../../../../../../Users/Daniel/Desktop/Dani/Proyectos RV/Proyecto-Realidad-Virtual/Prototipo_1 4.10/Content/Maps/Nivel_1.umap'
[2015.12.01-15.03.42:714][395]LogSavePackage: Total save time: 1982.893180ms
[2015.12.01-15.03.42:714][395]LogSavePackage:Display: Finished SavePackage ../../../../../../Users/Daniel/Desktop/Dani/Proyectos RV/Proyecto-Realidad-Virtual/Prototipo_1 4.10/Content/Maps/Nivel_1.umap
[2015.12.01-15.05.33:592][426]LogSavePackage: Save=1847.271851ms
[2015.12.01-15.05.33:592][426]LogSavePackage: Moving '../../../../../../Users/Daniel/Desktop/Dani/Proyectos RV/Proyecto-Realidad-Virtual/Prototipo_1 4.10/Saved/Nivel_14F1163804CF0C33ADA88FE8330615537.tmp' to '../../../../../../Users/Daniel/Desktop/Dani/Proyectos RV/Proyecto-Realidad-Virtual/Prototipo_1 4.10/Content/Maps/Nivel_1.umap'
[2015.12.01-15.05.33:597][426]LogSavePackage: Total save time: 1889.461946ms
[2015.12.01-15.05.33:597][426]LogSavePackage:Display: Finished SavePackage ../../../../../../Users/Daniel/Desktop/Dani/Proyectos RV/Proyecto-Realidad-Virtual/Prototipo_1 4.10/Content/Maps/Nivel_1.umap
[2015.12.01-15.05.35:795][479]Cmd: QUIT_EDITOR
[2015.12.01-15.05.37:001][479]LogWindowsTextInputMethodSystem:Display: IME system now deactivated.
[2015.12.01-15.05.37:227][479]LogExit: Preparing to exit.
[2015.12.01-15.05.38:223][479]LogExit: Editor shut down
[2015.12.01-15.05.38:224][479]LogExit: Transaction tracking system shut down
[2015.12.01-15.05.38:253][479]LogParticles: Destroying 0 GPU particle simulations for FXSystem 0x00000045E5084720
[2015.12.01-15.05.38:262][479]LogParticles: Destroying 0 GPU particle simulations for FXSystem 0x00000045896CB7E0
[2015.12.01-15.05.38:262][479]LogParticles: Destroying 0 GPU particle simulations for FXSystem 0x000000458FF32B60
[2015.12.01-15.05.38:262][479]LogParticles: Destroying 0 GPU particle simulations for FXSystem 0x00000045901CECA0
[2015.12.01-15.05.38:262][479]LogParticles: Destroying 0 GPU particle simulations for FXSystem 0x00000045901CEAC0
[2015.12.01-15.05.38:382][479]LogParticles: Destroying 0 GPU particle simulations for FXSystem 0x00000045897153A0
[2015.12.01-15.05.38:384][479]LogParticles: Destroying 0 GPU particle simulations for FXSystem 0x000000458FF32AC0
[2015.12.01-15.05.38:414][479]LogParticles: Destroying 0 GPU particle simulations for FXSystem 0x00000045EF8845E0
[2015.12.01-15.05.38:423][479]LogParticles: Destroying 0 GPU particle simulations for FXSystem 0x00000045EF886B60
[2015.12.01-15.05.38:427][479]LogParticles: Destroying 0 GPU particle simulations for FXSystem 0x00000045C04C7060
[2015.12.01-15.05.39:299][479]LogExit: Object subsystem successfully closed.
[2015.12.01-15.05.39:338][479]LogD3D11RHI: Shutdown
[2015.12.01-15.05.39:338][479]LogD3D11RHI: CleanupD3DDevice
[2015.12.01-15.05.39:993][479]LogD3D11RHI: ~FD3D11DynamicRHI
[2015.12.01-15.05.40:038][479]LogModuleManager: Shutting down and abandoning module CookingStats (201)
[2015.12.01-15.05.40:038][479]LogModuleManager: Shutting down and abandoning module SequencerWidgets (200)
[2015.12.01-15.05.40:038][479]LogModuleManager: Shutting down and abandoning module BlueprintGraph (199)
[2015.12.01-15.05.40:038][479]LogModuleManager: Shutting down and abandoning module CrashTracker (198)
[2015.12.01-15.05.40:038][479]LogModuleManager: Shutting down and abandoning module SceneOutliner (197)
[2015.12.01-15.05.40:038][479]LogModuleManager: Shutting down and abandoning module SuperSearch (196)
[2015.12.01-15.05.40:038][479]LogModuleManager: Shutting down and abandoning module WidgetCarousel (195)
[2015.12.01-15.05.40:038][479]LogModuleManager: Shutting down and abandoning module AddContentDialog (194)
[2015.12.01-15.05.40:040][479]LogModuleManager: Shutting down and abandoning module EditorWidgets (193)
[2015.12.01-15.05.40:040][479]LogModuleManager: Shutting down and abandoning module CollectionManager (192)
[2015.12.01-15.05.40:041][479]LogModuleManager: Shutting down and abandoning module StatsViewer (191)
[2015.12.01-15.05.40:041][479]LogModuleManager: Shutting down and abandoning module FoliageEdit (190)
[2015.12.01-15.05.40:041][479]LogModuleManager: Shutting down and abandoning module LandscapeEditor (189)
[2015.12.01-15.05.40:041][479]LogModuleManager: Shutting down and abandoning module ActorPickerMode (188)
[2015.12.01-15.05.40:041][479]LogModuleManager: Shutting down and abandoning module GeometryMode (187)
[2015.12.01-15.05.40:041][479]LogModuleManager: Shutting down and abandoning module TextureAlignMode (186)
[2015.12.01-15.05.40:041][479]LogModuleManager: Shutting down and abandoning module BspMode (185)
[2015.12.01-15.05.40:041][479]LogModuleManager: Shutting down and abandoning module PlacementMode (184)
[2015.12.01-15.05.40:041][479]LogModuleManager: Shutting down and abandoning module AutomationWorker (183)
[2015.12.01-15.05.40:041][479]LogModuleManager: Shutting down and abandoning module CharacterAI (182)
[2015.12.01-15.05.40:041][479]LogModuleManager: Shutting down and abandoning module SmartSnapping (181)
[2015.12.01-15.05.40:041][479]LogModuleManager: Shutting down and abandoning module ViewportSnapping (180)
[2015.12.01-15.05.40:041][479]LogModuleManager: Shutting down and abandoning module LogVisualizer (179)
[2015.12.01-15.05.40:042][479]LogModuleManager: Shutting down and abandoning module GameProjectGeneration (178)
[2015.12.01-15.05.40:042][479]LogModuleManager: Shutting down and abandoning module IntroTutorials (177)
[2015.12.01-15.05.40:042][479]LogModuleManager: Shutting down and abandoning module EditorLiveStreaming (176)
[2015.12.01-15.05.40:042][479]LogModuleManager: Shutting down and abandoning module IOSPlatformEditor (175)
[2015.12.01-15.05.40:042][479]LogModuleManager: Shutting down and abandoning module HTML5PlatformEditor (174)
[2015.12.01-15.05.40:042][479]LogModuleManager: Shutting down and abandoning module AndroidDeviceDetection (173)
[2015.12.01-15.05.40:657][479]LogModuleManager: Shutting down and abandoning module AndroidPlatformEditor (172)
[2015.12.01-15.05.40:658][479]LogModuleManager: Shutting down and abandoning module IOSRuntimeSettings (171)
[2015.12.01-15.05.40:658][479]LogModuleManager: Shutting down and abandoning module AndroidRuntimeSettings (170)
[2015.12.01-15.05.40:658][479]LogModuleManager: Shutting down and abandoning module MergeActors (169)
[2015.12.01-15.05.40:658][479]LogModuleManager: Shutting down and abandoning module SizeMap (168)
[2015.12.01-15.05.40:658][479]LogModuleManager: Shutting down and abandoning module TreeMap (167)
[2015.12.01-15.05.40:658][479]LogModuleManager: Shutting down and abandoning module ReferenceViewer (166)
[2015.12.01-15.05.40:658][479]LogModuleManager: Shutting down and abandoning module LocalizationService (165)
[2015.12.01-15.05.40:658][479]LogModuleManager: Shutting down and abandoning module LocalizationDashboard (164)
[2015.12.01-15.05.40:658][479]LogModuleManager: Shutting down and abandoning module HardwareTargeting (163)
[2015.12.01-15.05.40:658][479]LogModuleManager: Shutting down and abandoning module DeviceProfileEditor (162)
[2015.12.01-15.05.40:658][479]LogModuleManager: Shutting down and abandoning module UndoHistory (161)
[2015.12.01-15.05.40:658][479]LogModuleManager: Shutting down and abandoning module GameplayTagsEditor (160)
[2015.12.01-15.05.40:658][479]LogModuleManager: Shutting down and abandoning module UserFeedback (159)
[2015.12.01-15.05.40:658][479]LogModuleManager: Shutting down and abandoning module XmlParser (158)
[2015.12.01-15.05.40:658][479]LogModuleManager: Shutting down and abandoning module Blutility (157)
[2015.12.01-15.05.40:658][479]LogModuleManager: Shutting down and abandoning module ProjectTargetPlatformEditor (156)
[2015.12.01-15.05.40:659][479]LogModuleManager: Shutting down and abandoning module ProjectSettingsViewer (155)
[2015.12.01-15.05.40:659][479]LogModuleManager: Shutting down and abandoning module InputBindingEditor (154)
[2015.12.01-15.05.40:659][479]LogModuleManager: Shutting down and abandoning module EditorSettingsViewer (153)
[2015.12.01-15.05.40:659][479]LogModuleManager: Shutting down and abandoning module SettingsEditor (152)
[2015.12.01-15.05.40:659][479]LogModuleManager: Shutting down and abandoning module ProjectLauncher (151)
[2015.12.01-15.05.40:659][479]LogModuleManager: Shutting down and abandoning module SessionFrontend (150)
[2015.12.01-15.05.40:659][479]LogModuleManager: Shutting down and abandoning module ProfilerClient (149)
[2015.12.01-15.05.40:660][479]LogModuleManager: Shutting down and abandoning module TargetDeviceServices (148)
[2015.12.01-15.05.40:660][479]LogModuleManager: Shutting down and abandoning module DeviceManager (147)
[2015.12.01-15.05.40:660][479]LogModuleManager: Shutting down and abandoning module AutomationController (146)
[2015.12.01-15.05.40:660][479]LogModuleManager: Shutting down and abandoning module AutomationWindow (145)
[2015.12.01-15.05.40:660][479]LogModuleManager: Shutting down and abandoning module Layers (144)
[2015.12.01-15.05.40:660][479]LogModuleManager: Shutting down and abandoning module ComponentVisualizers (143)
[2015.12.01-15.05.40:660][479]LogModuleManager: Shutting down and abandoning module DetailCustomizations (142)
[2015.12.01-15.05.40:660][479]LogModuleManager: Shutting down and abandoning module PackagesDialog (141)
[2015.12.01-15.05.40:661][479]LogModuleManager: Shutting down and abandoning module Persona (140)
[2015.12.01-15.05.40:661][479]LogModuleManager: Shutting down and abandoning module Kismet (139)
[2015.12.01-15.05.40:661][479]LogModuleManager: Shutting down and abandoning module GraphEditor (138)
[2015.12.01-15.05.40:661][479]LogModuleManager: Shutting down and abandoning module ClassViewer (137)
[2015.12.01-15.05.40:661][479]LogModuleManager: Shutting down and abandoning module Toolbox (136)
[2015.12.01-15.05.40:661][479]LogModuleManager: Shutting down and abandoning module ModuleUI (135)
[2015.12.01-15.05.40:661][479]LogModuleManager: Shutting down and abandoning module MovieSceneTools (134)
[2015.12.01-15.05.40:661][479]LogModuleManager: Shutting down and abandoning module OutputLog (133)
[2015.12.01-15.05.40:661][479]LogModuleManager: Shutting down and abandoning module GammaUI (132)
[2015.12.01-15.05.40:661][479]LogModuleManager: Shutting down and abandoning module Documentation (131)
[2015.12.01-15.05.40:661][479]LogModuleManager: Shutting down and abandoning module GameLiveStreaming (130)
[2015.12.01-15.05.40:661][479]LogModuleManager: Shutting down and abandoning module StreamingPauseRendering (129)
[2015.12.01-15.05.40:661][479]LogModuleManager: Shutting down and abandoning module AnalyticsET (128)
[2015.12.01-15.05.40:661][479]LogModuleManager: Shutting down and abandoning module Analytics (127)
[2015.12.01-15.05.40:661][479]LogModuleManager: Shutting down and abandoning module AITestSuite (126)
[2015.12.01-15.05.40:661][479]LogModuleManager: Shutting down and abandoning module GameplayDebugger (125)
[2015.12.01-15.05.40:661][479]LogModuleManager: Shutting down and abandoning module AIModule (124)
[2015.12.01-15.05.40:662][479]LogModuleManager: Shutting down and abandoning module ProfilerService (123)
[2015.12.01-15.05.40:790][479]LogModuleManager: Shutting down and abandoning module TaskGraph (122)
[2015.12.01-15.05.40:790][479]LogModuleManager: Shutting down and abandoning module SlateRemote (121)
[2015.12.01-15.05.40:790][479]LogModuleManager: Shutting down and abandoning module SteamVRController (120)
[2015.12.01-15.05.40:790][479]LogModuleManager: Shutting down and abandoning module SteamVR (119)
[2015.12.01-15.05.40:790][479]LogModuleManager: Shutting down and abandoning module ProceduralMeshComponent (118)
[2015.12.01-15.05.40:790][479]LogModuleManager: Shutting down and abandoning module OculusLibrary (117)
[2015.12.01-15.05.40:790][479]LogModuleManager: Shutting down and abandoning module OculusInput (116)
[2015.12.01-15.05.40:790][479]LogModuleManager: Shutting down and abandoning module LeapMotionController (115)
[2015.12.01-15.05.40:821][479]LogModuleManager: Shutting down and abandoning module CustomMeshComponent (114)
[2015.12.01-15.05.40:821][479]LogModuleManager: Shutting down and abandoning module CableComponent (113)
[2015.12.01-15.05.40:821][479]LogModuleManager: Shutting down and abandoning module ArchVisCharacter (112)
[2015.12.01-15.05.40:821][479]LogModuleManager: Shutting down and abandoning module MessagingDebugger (111)
[2015.12.01-15.05.40:821][479]LogModuleManager: Shutting down and abandoning module MediaPlayerEditor (110)
[2015.12.01-15.05.40:821][479]LogModuleManager: Shutting down and abandoning module HTML5Networking (109)
[2015.12.01-15.05.40:822][479]LogModuleManager: Shutting down and abandoning module SpeedTreeImporter (108)
[2015.12.01-15.05.40:822][479]LogModuleManager: Shutting down and abandoning module PluginBrowser (107)
[2015.12.01-15.05.40:822][479]LogModuleManager: Shutting down and abandoning module EpicSurvey (106)
[2015.12.01-15.05.40:822][479]LogModuleManager: Shutting down and abandoning module DesktopPlatform (105)
[2015.12.01-15.05.40:822][479]LogModuleManager: Shutting down and abandoning module VisualStudioSourceCodeAccess (104)
[2015.12.01-15.05.40:822][479]LogModuleManager: Shutting down and abandoning module UObjectPlugin (103)
[2015.12.01-15.05.40:822][479]LogModuleManager: Shutting down and abandoning module SubversionSourceControl (102)
[2015.12.01-15.05.40:822][479]LogModuleManager: Shutting down and abandoning module PerforceSourceControl (101)
[2015.12.01-15.05.40:822][479]LogModuleManager: Shutting down and abandoning module SourceControl (100)
[2015.12.01-15.05.40:822][479]LogModuleManager: Shutting down and abandoning module GitSourceControl (99)
[2015.12.01-15.05.40:822][479]LogModuleManager: Shutting down and abandoning module LightPropagationVolumeEditor (98)
[2015.12.01-15.05.40:822][479]LogModuleManager: Shutting down and abandoning module PaperTiledImporter (97)
[2015.12.01-15.05.40:822][479]LogModuleManager: Shutting down and abandoning module PaperSpriteSheetImporter (96)
[2015.12.01-15.05.40:822][479]LogModuleManager: Shutting down and abandoning module MeshPaint (95)
[2015.12.01-15.05.40:822][479]LogModuleManager: Shutting down and abandoning module SlateReflector (94)
[2015.12.01-15.05.40:822][479]LogModuleManager: Shutting down and abandoning module HotReload (93)
[2015.12.01-15.05.40:822][479]LogModuleManager: Shutting down and abandoning module MainFrame (92)
[2015.12.01-15.05.40:822][479]LogModuleManager: Shutting down and abandoning module LevelEditor (91)
[2015.12.01-15.05.40:823][479]LogModuleManager: Shutting down and abandoning module DirectoryWatcher (90)
[2015.12.01-15.05.40:824][479]LogModuleManager: Shutting down and abandoning module AssetRegistry (89)
[2015.12.01-15.05.40:932][479]LogModuleManager: Shutting down and abandoning module ContentBrowser (88)
[2015.12.01-15.05.40:933][479]LogModuleManager: Shutting down and abandoning module Paper2DEditor (87)
[2015.12.01-15.05.40:933][479]LogModuleManager: Shutting down and abandoning module UdpMessaging (86)
[2015.12.01-15.05.41:034][479]LogModuleManager: Shutting down and abandoning module LightPropagationVolumeRuntime (85)
[2015.12.01-15.05.41:034][479]LogModuleManager: Shutting down and abandoning module Paper2D (84)
[2015.12.01-15.05.41:034][479]LogModuleManager: Shutting down and abandoning module WindowsMoviePlayer (83)
[2015.12.01-15.05.41:039][479]LogModuleManager: Shutting down and abandoning module Media (82)
[2015.12.01-15.05.41:039][479]LogModuleManager: Shutting down and abandoning module WmfMedia (81)
[2015.12.01-15.05.41:039][479]LogModuleManager: Shutting down and abandoning module OnlineBlueprintSupport (80)
[2015.12.01-15.05.41:039][479]LogModuleManager: Shutting down and abandoning module GameplayTasksEditor (79)
[2015.12.01-15.05.41:039][479]LogModuleManager: Shutting down and abandoning module PropertyEditor (78)
[2015.12.01-15.05.41:039][479]LogModuleManager: Shutting down and abandoning module BehaviorTreeEditor (77)
[2015.12.01-15.05.41:039][479]LogModuleManager: Shutting down and abandoning module FunctionalTesting (76)
[2015.12.01-15.05.41:039][479]LogModuleManager: Shutting down and abandoning module CollisionAnalyzer (75)
[2015.12.01-15.05.41:039][479]LogModuleManager: Shutting down and abandoning module WorkspaceMenuStructure (74)
[2015.12.01-15.05.41:039][479]LogModuleManager: Shutting down and abandoning module MessageLog (73)
[2015.12.01-15.05.41:039][479]LogModuleManager: Shutting down and abandoning module Sequencer (72)
[2015.12.01-15.05.41:039][479]LogModuleManager: Shutting down and abandoning module AssetTools (71)
[2015.12.01-15.05.41:039][479]LogModuleManager: Shutting down and abandoning module UMGEditor (70)
[2015.12.01-15.05.41:039][479]LogModuleManager: Shutting down and abandoning module UMG (69)
[2015.12.01-15.05.41:039][479]LogModuleManager: Shutting down and abandoning module Slate (68)
[2015.12.01-15.05.41:039][479]LogModuleManager: Shutting down and abandoning module EditorStyle (67)
[2015.12.01-15.05.41:042][479]LogModuleManager: Shutting down and abandoning module SessionServices (66)
[2015.12.01-15.05.41:042][479]LogModuleManager: Shutting down and abandoning module SourceCodeAccess (65)
[2015.12.01-15.05.41:042][479]LogModuleManager: Shutting down and abandoning module HeadMountedDisplay (64)
[2015.12.01-15.05.41:042][479]LogModuleManager: Shutting down and abandoning module XAudio2 (63)
[2015.12.01-15.05.41:042][479]LogModuleManager: Shutting down and abandoning module Networking (61)
[2015.12.01-15.05.41:042][479]LogModuleManager: Shutting down and abandoning module Core (60)
[2015.12.01-15.05.41:042][479]LogModuleManager: Shutting down and abandoning module KismetCompiler (59)
[2015.12.01-15.05.41:042][479]LogModuleManager: Shutting down and abandoning module PhysXFormats (58)
[2015.12.01-15.05.41:042][479]LogModuleManager: Shutting down and abandoning module MeshUtilities (57)
[2015.12.01-15.05.41:042][479]LogModuleManager: Shutting down and abandoning module DerivedDataCache (56)
[2015.12.01-15.05.41:081][479]LogDerivedDataCache: Shutdown
[2015.12.01-15.05.41:081][479]LogModuleManager: Shutting down and abandoning module ShaderFormatOpenGL (55)
[2015.12.01-15.05.41:081][479]LogModuleManager: Shutting down and abandoning module ShaderFormatD3D (54)
[2015.12.01-15.05.41:081][479]LogModuleManager: Shutting down and abandoning module MetalShaderFormat (53)
[2015.12.01-15.05.41:081][479]LogModuleManager: Shutting down and abandoning module TextureFormatUncompressed (52)
[2015.12.01-15.05.41:081][479]LogModuleManager: Shutting down and abandoning module TextureFormatPVR (51)
[2015.12.01-15.05.41:081][479]LogModuleManager: Shutting down and abandoning module TextureFormatIntelISPCTexComp (50)
[2015.12.01-15.05.41:081][479]LogModuleManager: Shutting down and abandoning module TextureFormatDXT (49)
[2015.12.01-15.05.41:081][479]LogModuleManager: Shutting down and abandoning module ImageWrapper (48)
[2015.12.01-15.05.41:081][479]LogModuleManager: Shutting down and abandoning module TextureFormatASTC (47)
[2015.12.01-15.05.41:081][479]LogModuleManager: Shutting down and abandoning module TextureFormatAndroid (46)
[2015.12.01-15.05.41:081][479]LogModuleManager: Shutting down and abandoning module AudioFormatOpus (45)
[2015.12.01-15.05.41:081][479]LogModuleManager: Shutting down and abandoning module AudioFormatOgg (44)
[2015.12.01-15.05.41:081][479]LogModuleManager: Shutting down and abandoning module AudioFormatADPCM (43)
[2015.12.01-15.05.41:081][479]LogModuleManager: Shutting down and abandoning module LinuxTargetPlatform (42)
[2015.12.01-15.05.41:081][479]LogModuleManager: Shutting down and abandoning module LinuxServerTargetPlatform (41)
[2015.12.01-15.05.41:082][479]LogModuleManager: Shutting down and abandoning module LinuxNoEditorTargetPlatform (40)
[2015.12.01-15.05.41:082][479]LogModuleManager: Shutting down and abandoning module Messaging (39)
[2015.12.01-15.05.41:082][479]LogModuleManager: Shutting down and abandoning module IOSTargetPlatform (38)
[2015.12.01-15.05.41:082][479]LogModuleManager: Shutting down and abandoning module HTML5TargetPlatform (37)
[2015.12.01-15.05.41:082][479]LogModuleManager: Shutting down and abandoning module Android_PVRTCTargetPlatform (36)
[2015.12.01-15.05.41:082][479]LogModuleManager: Shutting down and abandoning module Android_MultiTargetPlatform (35)
[2015.12.01-15.05.41:082][479]LogModuleManager: Shutting down and abandoning module Android_ETC2TargetPlatform (34)
[2015.12.01-15.05.41:082][479]LogModuleManager: Shutting down and abandoning module Android_ETC1TargetPlatform (33)
[2015.12.01-15.05.41:082][479]LogModuleManager: Shutting down and abandoning module Android_DXTTargetPlatform (32)
[2015.12.01-15.05.41:082][479]LogModuleManager: Shutting down and abandoning module Android_ATCTargetPlatform (31)
[2015.12.01-15.05.41:082][479]LogModuleManager: Shutting down and abandoning module Android_ASTCTargetPlatform (30)
[2015.12.01-15.05.41:082][479]LogModuleManager: Shutting down and abandoning module AndroidTargetPlatform (29)
[2015.12.01-15.05.41:082][479]LogModuleManager: Shutting down and abandoning module WindowsTargetPlatform (28)
[2015.12.01-15.05.41:082][479]LogModuleManager: Shutting down and abandoning module WindowsServerTargetPlatform (27)
[2015.12.01-15.05.41:082][479]LogModuleManager: Shutting down and abandoning module WindowsNoEditorTargetPlatform (26)
[2015.12.01-15.05.41:082][479]LogModuleManager: Shutting down and abandoning module WindowsClientTargetPlatform (25)
[2015.12.01-15.05.41:082][479]LogModuleManager: Shutting down and abandoning module AllDesktopTargetPlatform (24)
[2015.12.01-15.05.41:082][479]LogModuleManager: Shutting down and abandoning module TargetPlatform (23)
[2015.12.01-15.05.41:082][479]LogModuleManager: Shutting down and abandoning module InputCore (22)
[2015.12.01-15.05.41:082][479]LogModuleManager: Shutting down and abandoning module Settings (21)
[2015.12.01-15.05.41:082][479]LogModuleManager: Shutting down and abandoning module OnlineSubsystem (19)
[2015.12.01-15.05.41:082][479]LogModuleManager: Shutting down and abandoning module HTTP (18)
[2015.12.01-15.05.42:083][479]LogModuleManager: Shutting down and abandoning module XMPP (17)
[2015.12.01-15.05.42:083][479]LogModuleManager: Shutting down and abandoning module OculusRift (16)
[2015.12.01-15.05.42:083][479]LogModuleManager: Shutting down and abandoning module ExampleDeviceProfileSelector (15)
[2015.12.01-15.05.42:083][479]LogModuleManager: Shutting down and abandoning module TextureCompressor (14)
[2015.12.01-15.05.42:083][479]LogModuleManager: Shutting down and abandoning module ShaderCore (13)
[2015.12.01-15.05.42:084][479]LogModuleManager: Shutting down and abandoning module Landscape (12)
[2015.12.01-15.05.42:084][479]LogModuleManager: Shutting down and abandoning module SlateRHIRenderer (11)
[2015.12.01-15.05.42:090][479]LogModuleManager: Shutting down and abandoning module OpenGLDrv (10)
[2015.12.01-15.05.42:090][479]LogModuleManager: Shutting down and abandoning module D3D11RHI (9)
[2015.12.01-15.05.42:090][479]LogModuleManager: Shutting down and abandoning module AnimGraphRuntime (8)
[2015.12.01-15.05.42:090][479]LogModuleManager: Shutting down and abandoning module Renderer (7)
[2015.12.01-15.05.42:090][479]LogModuleManager: Shutting down and abandoning module Engine (6)
[2015.12.01-15.05.42:090][479]LogModuleManager: Shutting down and abandoning module CoreUObject (5)
[2015.12.01-15.05.42:090][479]LogModuleManager: Shutting down and abandoning module NetworkFile (4)
[2015.12.01-15.05.42:090][479]LogModuleManager: Shutting down and abandoning module StreamingFile (3)
[2015.12.01-15.05.42:090][479]LogModuleManager: Shutting down and abandoning module SandboxFile (2)
[2015.12.01-15.05.42:090][479]LogModuleManager: Shutting down and abandoning module PakFile (1)
[2015.12.01-15.05.42:096][479]LogExit: Exiting.
[2015.12.01-15.05.42:099][479]Log file closed, 12/01/15 10:05:42
