[2015.11.23-04.20.27:544][  0]Log file open, 11/22/15 23:20:27
[2015.11.23-04.20.27:544][  0]LogInit:Display: Running engine for game: Prototipo_1
[2015.11.23-04.20.27:544][  0]LogPlatformFile: Not using cached read wrapper
[2015.11.23-04.20.27:544][  0]LogInit:Display: RandInit(1337221194) SRandInit(1337221195).
[2015.11.23-04.20.27:544][  0]LogTaskGraph: Started task graph with 4 named threads and 5 total threads.
[2015.11.23-04.20.27:544][  0]LogStats: Stats thread started at 0.060981
[2015.11.23-04.20.27:544][  0]LogInit: Version: 4.10.0-2758231+++depot+UE4-Releases+4.10
[2015.11.23-04.20.27:544][  0]LogInit: API Version: 2758231
[2015.11.23-04.20.27:544][  0]LogInit: Compiled (64-bit): Nov  7 2015 05:13:45
[2015.11.23-04.20.27:544][  0]LogInit: Compiled with Visual C++: 19.00.23026.00
[2015.11.23-04.20.27:544][  0]LogInit: Build Configuration: Development
[2015.11.23-04.20.27:544][  0]LogInit: Branch Name: ++depot+UE4-Releases+4.10
[2015.11.23-04.20.27:544][  0]LogInit: Command line:  
[2015.11.23-04.20.27:544][  0]LogInit: Base directory: C:/Program Files/Epic Games/4.10/Engine/Binaries/Win64/
[2015.11.23-04.20.27:544][  0]LogInit: Rocket: 1
[2015.11.23-04.20.27:559][  0]LogInit: Using libcurl 7.41.0
[2015.11.23-04.20.27:559][  0]LogInit:  - built for x86_64-pc-win32
[2015.11.23-04.20.27:559][  0]LogInit:  - supports SSL with WinSSL
[2015.11.23-04.20.27:559][  0]LogInit:  - other features:
[2015.11.23-04.20.27:559][  0]LogInit:      CURL_VERSION_SSL
[2015.11.23-04.20.27:559][  0]LogInit:      CURL_VERSION_IPV6
[2015.11.23-04.20.27:559][  0]LogInit:      CURL_VERSION_ASYNCHDNS
[2015.11.23-04.20.27:559][  0]LogInit:      CURL_VERSION_LARGEFILE
[2015.11.23-04.20.27:559][  0]LogInit:      CURL_VERSION_IDN
[2015.11.23-04.20.27:559][  0]LogInit:  CurlRequestOptions (configurable via config and command line):
[2015.11.23-04.20.27:559][  0]LogInit:  - bVerifyPeer = true  - Libcurl will verify peer certificate
[2015.11.23-04.20.27:559][  0]LogInit:  - bUseHttpProxy = false  - Libcurl will NOT use HTTP proxy
[2015.11.23-04.20.27:559][  0]LogInit:  - bDontReuseConnections = false  - Libcurl will reuse connections
[2015.11.23-04.20.27:559][  0]LogInit:  - CertBundlePath = nullptr  - Libcurl will use whatever was configured at build time.
[2015.11.23-04.20.27:695][  0]LogInit: Presizing for 0 objects not considered by GC, pre-allocating 0 bytes.
[2015.11.23-04.20.27:706][  0]LogInit: Object subsystem initialized
[2015.11.23-04.20.27:707][  0]LogInit: Selected Device Profile: [Windows]
[2015.11.23-04.20.27:707][  0]LogInit: Applying CVar settings loaded from the selected device profile: [Windows]
[2015.11.23-04.20.27:729][  0]LogInit: Computer: JORGE
[2015.11.23-04.20.27:729][  0]LogInit: User: Jorge
[2015.11.23-04.20.27:729][  0]LogInit: CPU Page size=4096, Cores=2
[2015.11.23-04.20.27:729][  0]LogInit: High frequency timer resolution =2.533200 MHz
[2015.11.23-04.20.27:729][  0]LogMemory: Memory total: Physical=11.9GB (12GB approx)
[2015.11.23-04.20.27:729][  0]LogMemory: Platform Memory Stats for Windows
[2015.11.23-04.20.27:729][  0]LogMemory: Process Physical Memory: 56.33 MB used, 56.33 MB peak
[2015.11.23-04.20.27:729][  0]LogMemory: Process Virtual Memory: 55.55 MB used, 55.55 MB peak
[2015.11.23-04.20.27:729][  0]LogMemory: Physical Memory: 5704.03 MB used, 12208.14 MB total
[2015.11.23-04.20.27:729][  0]LogMemory: Virtual Memory: 376.58 MB used, 134217728.00 MB total
[2015.11.23-04.20.29:544][  0]LogD3D11RHI: Found D3D11 adapter 0: Intel(R) HD Graphics Family (Feature Level 11_0)
[2015.11.23-04.20.29:544][  0]LogD3D11RHI: Adapter has 112MB of dedicated video memory, 0MB of dedicated system memory, and 6104MB of shared system memory, 1 output[s]
[2015.11.23-04.20.30:782][  0]LogD3D11RHI: Found D3D11 adapter 1: AMD Radeon R7 M260 (Feature Level 11_0)
[2015.11.23-04.20.30:782][  0]LogD3D11RHI: Adapter has 2035MB of dedicated video memory, 0MB of dedicated system memory, and 6104MB of shared system memory, 0 output[s]
[2015.11.23-04.20.30:785][  0]LogD3D11RHI: Found D3D11 adapter 2: Microsoft Basic Render Driver (Feature Level 11_0)
[2015.11.23-04.20.30:785][  0]LogD3D11RHI: Adapter has 0MB of dedicated video memory, 0MB of dedicated system memory, and 6104MB of shared system memory, 0 output[s]
[2015.11.23-04.20.30:785][  0]LogD3D11RHI: Chosen D3D11 Adapter Id = 0
[2015.11.23-04.20.30:788][  0]LogD3D11RHI: !Direct3DDevice
[2015.11.23-04.20.30:788][  0]LogRHI: Texture pool is 1361 MB (70% of 1945 MB)
[2015.11.23-04.20.30:793][  0]LogD3D11RHI: Async texture creation enabled
[2015.11.23-04.20.30:796][  0]LogShaderCompilers: Guid format shader working directory is -52 characters bigger than the processId version (../../../../../../Users/Daniel/Desktop/Dani/Proyectos RV/Proyecto-Realidad-Virtual/Prototipo_1 4.10/Intermediate/Shaders/WorkingDirectory/3540/).
[2015.11.23-04.20.30:797][  0]LogShaderCompilers: Cleaned the shader compiler working directory 'C:/Users/Daniel/AppData/Local/Temp/UnrealShaderWorkingDir/D43E8C824F9FD0432973F5B6CCEE21AF/'.
[2015.11.23-04.20.30:797][  0]LogShaderCompilers:Display: Using Local Shader Compiler.
[2015.11.23-04.20.32:743][  0]LogTemp:Display: Loaded TP AllDesktopTargetPlatform
[2015.11.23-04.20.32:749][  0]LogTemp:Display: Loaded TP WindowsClientTargetPlatform
[2015.11.23-04.20.32:755][  0]LogTemp:Display: Loaded TP WindowsNoEditorTargetPlatform
[2015.11.23-04.20.32:761][  0]LogTemp:Display: Loaded TP WindowsServerTargetPlatform
[2015.11.23-04.20.32:766][  0]LogTemp:Display: Loaded TP WindowsTargetPlatform
[2015.11.23-04.20.32:773][  0]LogTemp:Display: Loaded TP AndroidTargetPlatform
[2015.11.23-04.20.32:777][  0]LogTemp:Display: Loaded TP Android_ASTCTargetPlatform
[2015.11.23-04.20.32:781][  0]LogTemp:Display: Loaded TP Android_ATCTargetPlatform
[2015.11.23-04.20.32:785][  0]LogTemp:Display: Loaded TP Android_DXTTargetPlatform
[2015.11.23-04.20.32:790][  0]LogTemp:Display: Loaded TP Android_ETC1TargetPlatform
[2015.11.23-04.20.32:795][  0]LogTemp:Display: Loaded TP Android_ETC2TargetPlatform
[2015.11.23-04.20.32:806][  0]LogTemp:Display: Loaded TP Android_MultiTargetPlatform
[2015.11.23-04.20.32:806][  0]LogTemp:Display: Loaded TP Android_PVRTCTargetPlatform
[2015.11.23-04.20.32:807][  0]LogTemp:Display: Loaded TP HTML5TargetPlatform
[2015.11.23-04.20.32:827][  0]LogTemp:Display: Loaded TP IOSTargetPlatform
[2015.11.23-04.20.32:830][  0]LogTemp:Display: Loaded TP LinuxNoEditorTargetPlatform
[2015.11.23-04.20.32:835][  0]LogTemp:Display: Loaded TP LinuxServerTargetPlatform
[2015.11.23-04.20.32:840][  0]LogTemp:Display: Loaded TP LinuxTargetPlatform
[2015.11.23-04.20.32:840][  0]LogTargetPlatformManager:Display: Building Assets For Windows
[2015.11.23-04.20.33:455][  0]LogDerivedDataCache:Display: Max Cache Size: 512 MB
[2015.11.23-04.20.33:935][  0]LogDerivedDataCache: Loaded boot cache 0.48s 41MB C:/Users/Daniel/AppData/Local/UnrealEngine/4.10/DerivedDataCache/Boot.ddc.
[2015.11.23-04.20.33:935][  0]LogDerivedDataCache:Display: Loaded Boot cache: C:/Users/Daniel/AppData/Local/UnrealEngine/4.10/DerivedDataCache/Boot.ddc
[2015.11.23-04.20.33:935][  0]LogDerivedDataCache: FDerivedDataBackendGraph:  Pak pak cache file ../../../../../../Users/Daniel/Desktop/Dani/Proyectos RV/Proyecto-Realidad-Virtual/Prototipo_1 4.10/DerivedDataCache/DDC.ddp not found, will not use a pak cache.
[2015.11.23-04.20.33:935][  0]LogDerivedDataCache: Unable to find inner node Pak for hierarchical cache Hierarchy.
[2015.11.23-04.20.33:935][  0]LogDerivedDataCache: FDerivedDataBackendGraph:  CompressedPak pak cache file ../../../../../../Users/Daniel/Desktop/Dani/Proyectos RV/Proyecto-Realidad-Virtual/Prototipo_1 4.10/DerivedDataCache/Compressed.ddp not found, will not use a pak cache.
[2015.11.23-04.20.33:935][  0]LogDerivedDataCache: Unable to find inner node CompressedPak for hierarchical cache Hierarchy.
[2015.11.23-04.20.34:056][  0]LogDerivedDataCache:Display: Pak cache opened for reading ../../../Engine/DerivedDataCache/Compressed.ddp.
[2015.11.23-04.20.34:068][  0]LogDerivedDataCache: Using Local data cache path C:/Users/Daniel/AppData/Local/UnrealEngine/Common/DerivedDataCache: Writable
[2015.11.23-04.20.39:053][  0]LogInit: Selected Device Profile: [Windows]
[2015.11.23-04.20.39:058][  0]LogContentStreaming: Texture pool size is 0.000000MB
[2015.11.23-04.20.39:205][  0]LogMeshUtilities: No automatic mesh reduction module available
[2015.11.23-04.20.39:205][  0]LogMeshUtilities: No automatic mesh merging module available
[2015.11.23-04.20.39:611][  0]LogInit: WinSock: version 1.1 (2.2), MaxSocks=32767, MaxUdp=65467
[2015.11.23-04.21.03:109][  0]UdpMessaging: Initializing bridge on interface 0.0.0.0:0 to multicast group 230.0.0.1:6666.
[2015.11.23-04.21.03:513][  0]LogAssetRegistry: FAssetRegistry took 0.0110 seconds to start up
[2015.11.23-04.21.03:759][  0]SourceControl: Info Source control is disabled
[2015.11.23-04.21.03:802][  0]SourceControl: Info Source control is disabled
[2015.11.23-04.21.03:821][  0]SourceControl: Info Source control is disabled
[2015.11.23-04.21.03:839][  0]SourceControl: Info Source control is disabled
[2015.11.23-04.21.04:518][  0]LogObj: 28633 objects as part of root set at end of initial load.
[2015.11.23-04.21.04:518][  0]LogUObjectAllocator: 6099744 out of 0 bytes used by permanent object pool.
[2015.11.23-04.21.04:642][  0]LogEngine: Initializing Engine...
[2015.11.23-04.21.04:664][  0]LogHMD: Can't find Oculus library dev build: is proper Runtime installed? Version: 0.8.0.0
[2015.11.23-04.21.04:682][  0]LogHMD: SteamVR failed to initialize.  Err: 110
[2015.11.23-04.21.04:833][  0]LogAIModule: Creating AISystem for world NewWorld
[2015.11.23-04.21.04:879][  0]LogInit: XAudio2 using 'Speakers (Conexant SmartAudio HD)' : 2 channels at 48 kHz using 32 bits per sample (channel mask 0x3)
[2015.11.23-04.21.05:057][  0]LogInit: FAudioDevice initialized.
[2015.11.23-04.21.05:108][  0]LogDerivedDataCache: Saved boot cache 0.05s 41MB C:/Users/Daniel/AppData/Local/UnrealEngine/4.10/DerivedDataCache/Boot.ddc.
[2015.11.23-04.21.05:112][  0]LogInit: Texture streaming: Enabled
[2015.11.23-04.21.05:121][  0]LogAnalytics: Creating configured Analytics provider AnalyticsET
[2015.11.23-04.21.05:121][  0]LogAnalytics: [UEEditor.Rocket.Release] APIServer = http://et2.epicgames.com/ET2/. AppVersion = 4.10.0-2758231+++depot+UE4-Releases+4.10
[2015.11.23-04.21.05:121][  0]LogAnalytics: [UEEditor.Rocket.Release] SetUserId 02a92638413d6e9abea5c7aca5f6540a|3349b03e2e674c09ae8b169d1df5bddf|a6273b8f-85b9-4f16-b013-14ad0d925f1f
[2015.11.23-04.21.05:121][  0]LogAnalytics: [UEEditor.Rocket.Release] AnalyticsET::StartSession
[2015.11.23-04.21.05:134][  0]LogWindowsTextInputMethodSystem:Display: IME system now deactivated.
[2015.11.23-04.21.05:159][  0]LogInit: Transaction tracking system initialized
[2015.11.23-04.21.05:213][  0]BlueprintLog: New page: Editor Load
[2015.11.23-04.21.06:595][  0]LocalizationService: Info Localization service is disabled
[2015.11.23-04.21.08:004][  0]LogConsoleResponse:Display: 
[2015.11.23-04.21.09:692][  0]LogCook:Display: Done creating registry. It took  0.00s.
[2015.11.23-04.21.10:462][  0]LogFileCache: Scanning file cache for directory 'C:/Users/Daniel/Desktop/Dani/Proyectos RV/Proyecto-Realidad-Virtual/Prototipo_1 4.10/Content/' took 0.01s
[2015.11.23-04.21.10:484][  0]SourceControl: Info Source control is disabled
[2015.11.23-04.21.25:739][  0]LogWindowsTextInputMethodSystem:Display: IME system now deactivated.
[2015.11.23-04.21.25:772][  0]LogWindowsTextInputMethodSystem:Display: IME system now deactivated.
[2015.11.23-04.21.30:714][  0]LogWindowsTextInputMethodSystem:Display: IME system now deactivated.
[2015.11.23-04.21.30:850][  0]LogWindowsTextInputMethodSystem:Display: IME system now deactivated.
[2015.11.23-04.21.30:865][  0]LightingResults: New page: Lighting Build
[2015.11.23-04.21.30:874][  0]MapCheck: New page: Map Check
[2015.11.23-04.21.30:874][  0]LightingResults: New page: Lighting Build
[2015.11.23-04.21.30:913][  0]LogParticles: Destroying 0 GPU particle simulations for FXSystem 0x000000D63C082AC0
[2015.11.23-04.21.30:927][  0]LogLinker:Warning: Asset '../../../../../../Users/Daniel/Desktop/Dani/Proyectos RV/Proyecto-Realidad-Virtual/Prototipo_1 4.10/Content/Mannequin/Animations/ThirdPerson_AnimBP.uasset' has been saved with empty engine version. The asset will be loaded but may be incompatible.
[2015.11.23-04.21.30:940][  0]LogLinker:Warning: Asset '../../../../../../Users/Daniel/Desktop/Dani/Proyectos RV/Proyecto-Realidad-Virtual/Prototipo_1 4.10/Content/Mannequin/Animations/ThirdPerson_Jump.uasset' has been saved with empty engine version. The asset will be loaded but may be incompatible.
[2015.11.23-04.21.30:949][  0]LogLinker:Warning: Asset '../../../../../../Users/Daniel/Desktop/Dani/Proyectos RV/Proyecto-Realidad-Virtual/Prototipo_1 4.10/Content/Mannequin/Animations/ThirdPersonJump_Loop.uasset' has been saved with empty engine version. The asset will be loaded but may be incompatible.
[2015.11.23-04.21.30:952][  0]LogLinker:Warning: Asset '../../../../../../Users/Daniel/Desktop/Dani/Proyectos RV/Proyecto-Realidad-Virtual/Prototipo_1 4.10/Content/Mannequin/Animations/ThirdPersonJump_Start.uasset' has been saved with empty engine version. The asset will be loaded but may be incompatible.
[2015.11.23-04.21.30:955][  0]LogLinker:Warning: Asset '../../../../../../Users/Daniel/Desktop/Dani/Proyectos RV/Proyecto-Realidad-Virtual/Prototipo_1 4.10/Content/Mannequin/Animations/ThirdPerson_IdleRun_2D.uasset' has been saved with empty engine version. The asset will be loaded but may be incompatible.
[2015.11.23-04.21.30:956][  0]LogLinker:Warning: Asset '../../../../../../Users/Daniel/Desktop/Dani/Proyectos RV/Proyecto-Realidad-Virtual/Prototipo_1 4.10/Content/Mannequin/Animations/ThirdPersonIdle.uasset' has been saved with empty engine version. The asset will be loaded but may be incompatible.
[2015.11.23-04.21.30:960][  0]LogLinker:Warning: Asset '../../../../../../Users/Daniel/Desktop/Dani/Proyectos RV/Proyecto-Realidad-Virtual/Prototipo_1 4.10/Content/Mannequin/Animations/ThirdPersonRun.uasset' has been saved with empty engine version. The asset will be loaded but may be incompatible.
[2015.11.23-04.21.30:963][  0]LogLinker:Warning: Asset '../../../../../../Users/Daniel/Desktop/Dani/Proyectos RV/Proyecto-Realidad-Virtual/Prototipo_1 4.10/Content/Mannequin/Animations/ThirdPersonWalk.uasset' has been saved with empty engine version. The asset will be loaded but may be incompatible.
[2015.11.23-04.21.34:595][  0]LogAIModule: Creating AISystem for world ThirdPersonExampleMap
[2015.11.23-04.21.34:653][  0]LogEditorServer: Finished looking for orphan Actors (0.000 secs)
[2015.11.23-04.21.34:654][  0]Cmd: MAP CHECKDEP NOCLEARLOG
[2015.11.23-04.21.34:814][  0]MapCheck: Info Map check complete: 0 Error(s), 0 Warning(s), took 159.919ms to complete.
[2015.11.23-04.21.34:814][  0]LogFileHelpers: Loading map 'ThirdPersonExampleMap' took 3.962
[2015.11.23-04.21.35:031][  0]LogCollectionManager: Loaded 0 collections in 0.002538 seconds
[2015.11.23-04.21.35:072][  0]LogFileCache: Scanning file cache for directory 'C:/Users/Daniel/Desktop/Dani/Proyectos RV/Proyecto-Realidad-Virtual/Prototipo_1 4.10/Saved/Collections/' took 0.01s
[2015.11.23-04.21.35:072][  0]LogFileCache: Scanning file cache for directory 'C:/Users/Daniel/Desktop/Dani/Proyectos RV/Proyecto-Realidad-Virtual/Prototipo_1 4.10/Content/Developers/Jorge/Collections/' took 0.01s
[2015.11.23-04.21.35:072][  0]LogFileCache: Scanning file cache for directory 'C:/Users/Daniel/Desktop/Dani/Proyectos RV/Proyecto-Realidad-Virtual/Prototipo_1 4.10/Content/Collections/' took 0.01s
[2015.11.23-04.21.35:072][  0]LogCollectionManager: Rebuilt the GUID cache for 0 collections in 0.000002 seconds
[2015.11.23-04.21.35:083][  0]LogContentBrowser: Native class hierarchy populated in 0.0105 seconds. Added 1893 classes and 338 folders.
[2015.11.23-04.21.35:100][  0]LogContentBrowser: Native class hierarchy updated for 'WidgetCarousel' in 0.0004 seconds. Added 0 classes and 0 folders.
[2015.11.23-04.21.36:089][  0]LogContentBrowser: Native class hierarchy updated for 'AddContentDialog' in 0.0006 seconds. Added 0 classes and 0 folders.
[2015.11.23-04.21.36:112][  0]LogContentBrowser: Native class hierarchy updated for 'SceneOutliner' in 0.0004 seconds. Added 1 classes and 2 folders.
[2015.11.23-04.21.36:143][  0]LogCrashTracker: Crashtracker disabled due to settings.
[2015.11.23-04.21.36:147][  0]LogUObjectGlobals:Warning: Failed to find object 'Class None.'
[2015.11.23-04.21.36:170][  0]LogStats:Warning: MetaData mismatch. Did you assign a stat to two groups? New //STATGROUP_Threads//SplashScreenThread///Thread_2300_0///####STATCAT_Advanced#### old //STATGROUP_Threads//SplashScreenThread///Thread_2228_0///####STATCAT_Advanced####
[2015.11.23-04.21.36:170][  0]LogLoad: Full Startup: 69.66 seconds (BP compile: 0.82 seconds)
[2015.11.23-04.21.36:193][  0]LogOcInput: Can't find Oculus library dev build: is proper Runtime installed? Version: 0.8.0.0
[2015.11.23-04.21.36:305][  0]LogContentStreaming: Texture pool size now 200 MB
[2015.11.23-04.21.36:573][  0]LogRenderer: Reallocating scene render targets to support 712x368 (Frame:2).
[2015.11.23-04.21.37:173][  6]LogAssetRegistry: Asset discovery search completed in 33.6709 seconds
[2015.11.23-04.21.37:173][  6]LogCollectionManager: Rebuilt the object cache for 0 collections in 0.000001 seconds (found 0 objects)
[2015.11.23-04.21.37:173][  6]LogCollectionManager: Fixed up redirectors for 0 collections in 0.000021 seconds (updated 0 objects)
[2015.11.23-04.21.41:237][149]LogAIModule: Creating AISystem for world Untitled
[2015.11.23-04.21.47:700][149]LogActorComponent: UnregisterComponent: (/Engine/Transient.CharMoveComp) Not registered. Aborting.
[2015.11.23-04.21.47:700][149]LogActorComponent: UnregisterComponent: (/Engine/Transient.PawnSensing_GEN_VARIABLE) Not registered. Aborting.
[2015.11.23-04.21.47:762][149]Cmd: MAP LOAD FILE="../../../../../../Users/Daniel/Desktop/Dani/Proyectos RV/Proyecto-Realidad-Virtual/Prototipo_1 4.10/Content/Mapas/Untitled.umap" TEMPLATE=0 SHOWPROGRESS=1 FEATURELEVEL=3
[2015.11.23-04.21.47:762][149]LightingResults: New page: Lighting Build
[2015.11.23-04.21.47:794][149]LoadErrors: New page: Loading map: Untitled.umap
[2015.11.23-04.21.47:807][149]MapCheck: New page: Map Check
[2015.11.23-04.21.47:807][149]LightingResults: New page: Lighting Build
[2015.11.23-04.21.47:835][149]LogParticles: Destroying 0 GPU particle simulations for FXSystem 0x000000D64489CEA0
[2015.11.23-04.21.49:843][149]LogEditorServer: Finished looking for orphan Actors (0.000 secs)
[2015.11.23-04.21.49:974][149]Cmd: MAP CHECKDEP NOCLEARLOG
[2015.11.23-04.21.50:485][149]MapCheck: Info Map check complete: 0 Error(s), 0 Warning(s), took 511.61ms to complete.
[2015.11.23-04.21.50:492][149]LogFileHelpers: Loading map 'Untitled' took 2.731
[2015.11.23-04.21.50:795][150]Cmd: UpdateLandscapeEditorData -warnings
[2015.11.23-04.21.50:800][150]Cmd: UpdateLandscapeEditorData
[2015.11.23-04.22.02:209][726]LogEditorViewport: Clicking on Actor (LMB): StaticMeshActor (Edificio1_OBJ2)
[2015.11.23-04.22.17:000][440]LogEditorViewport: Clicking on Actor (context menu): Landscape (Landscape4)
[2015.11.23-04.22.17:870][478]LogEditorViewport: Clicking on Actor (LMB): StaticMeshActor (Edificio1_OBJ)
[2015.11.23-04.22.19:010][526]LogEditorViewport: Clicking on Actor (LMB): StaticMeshActor (Edificio1_OBJ2)
[2015.11.23-04.22.23:080][718]LogEditorViewport: Clicking on Actor (LMB): StaticMeshActor (Edificio1_OBJ3)
[2015.11.23-04.22.25:919][851]LogEditorViewport: Clicking on Actor (LMB): StaticMeshActor (Edificio1_OBJ4)
[2015.11.23-04.22.31:364][118]LogEditorViewport: Clicking on Actor (LMB): StaticMeshActor (Edificio1_OBJ3)
[2015.11.23-04.22.34:674][277]LogEditorViewport: Clicking on Actor (LMB): StaticMeshActor (Edificio1_OBJ4)
[2015.11.23-04.22.51:330][ 92]LogEditorViewport: Clicking on Actor (LMB): StaticMeshActor (Edificio1_OBJ)
[2015.11.23-04.22.52:122][127]LogEditorViewport: Clicking on Actor (CTRL LMB): StaticMeshActor (Edificio1_OBJ2)
[2015.11.23-04.22.52:667][149]LogEditorViewport: Clicking on Actor (CTRL LMB): StaticMeshActor (Edificio1_OBJ3)
[2015.11.23-04.22.53:246][173]LogEditorViewport: Clicking on Actor (CTRL LMB): StaticMeshActor (Edificio1_OBJ4)
[2015.11.23-04.23.22:412][527]Cmd: TRANSACTION UNDO
[2015.11.23-04.23.22:412][527]LogEditorTransaction: Undo Move Actors
[2015.11.23-04.23.28:439][813]LogEditorViewport: Clicking on Actor (CTRL LMB): StaticMeshActor (Edificio1_OBJ)
[2015.11.23-04.23.29:268][848]LogEditorViewport: Clicking on Actor (CTRL LMB): StaticMeshActor (Edificio1_OBJ2)
[2015.11.23-04.23.30:190][888]LogEditorViewport: Clicking on Actor (CTRL LMB): StaticMeshActor (Edificio1_OBJ3)
[2015.11.23-04.23.30:869][916]LogEditorViewport: Clicking on Actor (CTRL LMB): StaticMeshActor (Edificio1_OBJ4)
[2015.11.23-04.23.43:473][484]LogPlayLevel: PlayLevel: No blueprints needed recompiling
[2015.11.23-04.23.43:474][484]PIE: New page: PIE session: Untitled (Nov 22, 2015, 6:23:43 PM)
[2015.11.23-04.23.43:474][484]LogPlayLevel: Creating play world package: /Game/Mapas/UEDPIE_0_Untitled
[2015.11.23-04.23.44:202][484]LogPlayLevel: PIE: StaticDuplicateObject took: (0.727295s)
[2015.11.23-04.23.44:203][484]LogAIModule: Creating AISystem for world Untitled
[2015.11.23-04.23.44:203][484]LogPlayLevel: PIE: World Init took: (0.001086s)
[2015.11.23-04.23.44:203][484]LogPlayLevel: PIE: Created PIE world by copying editor world from /Game/Mapas/Untitled.Untitled to /Game/Mapas/UEDPIE_0_Untitled.Untitled (0.728666s)
[2015.11.23-04.23.44:203][484]LogActorComponent: UnregisterComponent: (/Engine/Transient.CharMoveComp) Not registered. Aborting.
[2015.11.23-04.23.44:203][484]LogActorComponent: UnregisterComponent: (/Engine/Transient.PawnSensing_GEN_VARIABLE) Not registered. Aborting.
[2015.11.23-04.23.44:317][484]LogInit: XAudio2 using 'Speakers (Conexant SmartAudio HD)' : 2 channels at 48 kHz using 32 bits per sample (channel mask 0x3)
[2015.11.23-04.23.44:370][484]LogInit: FAudioDevice initialized.
[2015.11.23-04.23.44:516][484]LogWorld: Game class is 'ThirdPersonGameMode_C'
[2015.11.23-04.23.44:779][484]LogWorld: Bringing World /Game/Mapas/UEDPIE_0_Untitled.Untitled up for play (max tick rate 60) at 2015.11.22-23.23.44
[2015.11.23-04.23.44:780][484]LogActor:Warning: GameSession /Game/Mapas/UEDPIE_0_Untitled.Untitled:PersistentLevel.GameSession_0 has natively added scene component(s), but none of them were set as the actor's RootComponent - picking one arbitrarily
[2015.11.23-04.23.44:780][484]LogActor:Warning: GameNetworkManager /Game/Mapas/UEDPIE_0_Untitled.Untitled:PersistentLevel.GameNetworkManager_0 has natively added scene component(s), but none of them were set as the actor's RootComponent - picking one arbitrarily
[2015.11.23-04.23.44:783][484]LogWorld: Bringing up level for play took: 0.262614
[2015.11.23-04.23.44:864][484]PIE: Info Play in editor start time for /Game/Mapas/UEDPIE_0_Untitled 0.656
[2015.11.23-04.24.36:464][915]LogParticles: Destroying 0 GPU particle simulations for FXSystem 0x000000D6566BA520
[2015.11.23-04.24.42:416][185]LogEditorViewport: Clicking on Actor (CTRL LMB): StaticMeshActor (Edificio1_OBJ)
[2015.11.23-04.24.43:281][220]LogEditorViewport: Clicking on Actor (CTRL LMB): StaticMeshActor (Edificio1_OBJ2)
[2015.11.23-04.24.44:006][250]LogEditorViewport: Clicking on Actor (CTRL LMB): StaticMeshActor (Edificio1_OBJ3)
[2015.11.23-04.24.44:504][269]LogEditorViewport: Clicking on Actor (CTRL LMB): StaticMeshActor (Edificio1_OBJ4)
[2015.11.23-04.24.44:982][287]LogEditorViewport: Clicking on Actor (CTRL LMB): StaticMeshActor (Edificio1_OBJ5)
[2015.11.23-04.24.45:597][310]LogEditorViewport: Clicking on Actor (CTRL LMB): StaticMeshActor (Edificio1_OBJ6)
[2015.11.23-04.24.46:012][326]LogEditorViewport: Clicking on Actor (CTRL LMB): StaticMeshActor (Edificio1_OBJ7)
[2015.11.23-04.24.46:472][343]LogEditorViewport: Clicking on Actor (CTRL LMB): StaticMeshActor (Edificio1_OBJ8)
[2015.11.23-04.25.26:655][ 24]LogEditorViewport: Clicking on Actor (CTRL LMB): StaticMeshActor (Edificio1_OBJ)
[2015.11.23-04.25.27:465][ 54]LogEditorViewport: Clicking on Actor (CTRL LMB): StaticMeshActor (Edificio1_OBJ2)
[2015.11.23-04.25.31:869][248]LogEditorViewport: Clicking on Actor (CTRL LMB): StaticMeshActor (Edificio1_OBJ16)
[2015.11.23-04.25.32:605][278]LogEditorViewport: Clicking on Actor (CTRL LMB): StaticMeshActor (Edificio1_OBJ15)
[2015.11.23-04.25.33:159][299]LogEditorViewport: Clicking on Actor (CTRL LMB): StaticMeshActor (Edificio1_OBJ14)
[2015.11.23-04.25.33:644][317]LogEditorViewport: Clicking on Actor (CTRL LMB): StaticMeshActor (Edificio1_OBJ13)
[2015.11.23-04.25.37:778][500]LogEditorViewport: Clicking on Actor (LMB): StaticMeshActor (Edificio1_OBJ4)
[2015.11.23-04.25.44:117][803]LogEditorViewport: Clicking on Actor (LMB): StaticMeshActor (Edificio1_OBJ)
[2015.11.23-04.25.44:822][834]LogEditorViewport: Clicking on Actor (CTRL LMB): StaticMeshActor (Edificio1_OBJ2)
[2015.11.23-04.25.45:359][857]LogEditorViewport: Clicking on Actor (CTRL LMB): StaticMeshActor (Edificio1_OBJ3)
[2015.11.23-04.25.45:932][881]LogEditorViewport: Clicking on Actor (CTRL LMB): StaticMeshActor (Edificio1_OBJ4)
[2015.11.23-04.25.46:631][911]LogEditorViewport: Clicking on Actor (CTRL LMB): StaticMeshActor (Edificio1_OBJ5)
[2015.11.23-04.30.06:458][123]LogEditorViewport: Clicking on Actor (LMB): Landscape (Landscape4)
[2015.11.23-04.30.36:179][501]LogEditorViewport: Clicking on Actor (LMB): BP_Sky_Sphere_C (Sky Sphere)
[2015.11.23-04.32.34:095][938]LogSavePackage: Save=1199.769897ms
[2015.11.23-04.32.34:095][938]LogSavePackage: Moving '../../../../../../Users/Daniel/Desktop/Dani/Proyectos RV/Proyecto-Realidad-Virtual/Prototipo_1 4.10/Saved/Untitled_Auto1BF49DC384E7B4B0614831494E1B0C368.tmp' to '../../../../../../Users/Daniel/Desktop/Dani/Proyectos RV/Proyecto-Realidad-Virtual/Prototipo_1 4.10/Saved/Autosaves/Game/Mapas/Untitled_Auto1.umap'
[2015.11.23-04.32.34:099][938]LogSavePackage: Total save time: 1229.044683ms
[2015.11.23-04.32.34:099][938]LogSavePackage:Display: Finished SavePackage ../../../../../../Users/Daniel/Desktop/Dani/Proyectos RV/Proyecto-Realidad-Virtual/Prototipo_1 4.10/Saved/Autosaves/Game/Mapas/Untitled_Auto1.umap
[2015.11.23-04.32.34:103][938]LogFileHelpers: Editor autosave (incl. sublevels) for '/Game/Mapas/Untitled' took 1.299
[2015.11.23-04.32.34:103][938]LogFileHelpers: Editor autosave (incl. sublevels) for all levels took 1.299
[2015.11.23-04.39.11:330][ 25]LogEditorViewport: Clicking on Actor (LMB): Landscape (Landscape4)
[2015.11.23-04.39.59:621][779]LogEditorViewport: Clicking on Actor (LMB): Landscape (Landscape4)
[2015.11.23-04.40.12:574][ 48]LogEditorViewport: Clicking on Actor (LMB): BP_Sky_Sphere_C (Sky Sphere)
[2015.11.23-04.40.27:933][635]LogEditorViewport: Clicking on Actor (LMB): Landscape (Landscape4)
[2015.11.23-04.40.29:032][673]LogEditorViewport: Clicking on Actor (LMB): Landscape (Landscape4)
[2015.11.23-04.42.34:338][452]LogActorComponent: UnregisterComponent: (/Engine/Transient.CharMoveComp) Not registered. Aborting.
[2015.11.23-04.42.34:338][452]LogActorComponent: UnregisterComponent: (/Engine/Transient.CharacterMovementComponent_0) Not registered. Aborting.
[2015.11.23-04.42.34:338][452]LogActorComponent: UnregisterComponent: (/Engine/Transient.PawnSensing_GEN_VARIABLE) Not registered. Aborting.
[2015.11.23-04.42.36:151][452]LogSavePackage: Save=1713.195557ms
[2015.11.23-04.42.36:151][452]LogSavePackage: Moving '../../../../../../Users/Daniel/Desktop/Dani/Proyectos RV/Proyecto-Realidad-Virtual/Prototipo_1 4.10/Saved/Untitled_Auto23240FCF7465CCE192F1B57A60686FA6D.tmp' to '../../../../../../Users/Daniel/Desktop/Dani/Proyectos RV/Proyecto-Realidad-Virtual/Prototipo_1 4.10/Saved/Autosaves/Game/Mapas/Untitled_Auto2.umap'
[2015.11.23-04.42.36:158][452]LogSavePackage: Total save time: 1733.224377ms
[2015.11.23-04.42.36:158][452]LogSavePackage:Display: Finished SavePackage ../../../../../../Users/Daniel/Desktop/Dani/Proyectos RV/Proyecto-Realidad-Virtual/Prototipo_1 4.10/Saved/Autosaves/Game/Mapas/Untitled_Auto2.umap
[2015.11.23-04.42.36:160][452]LogFileHelpers: Editor autosave (incl. sublevels) for '/Game/Mapas/Untitled' took 1.822
[2015.11.23-04.42.36:160][452]LogFileHelpers: Editor autosave (incl. sublevels) for all levels took 1.822
[2015.11.