[2015.11.23-04.56.50:959][  0]Log file open, 11/22/15 23:56:50
[2015.11.23-04.56.50:959][  0]LogInit:Display: Running engine for game: Prototipo_1
[2015.11.23-04.56.50:959][  0]LogPlatformFile: Not using cached read wrapper
[2015.11.23-04.56.50:959][  0]LogInit:Display: RandInit(-1720622552) SRandInit(-1720622551).
[2015.11.23-04.56.50:959][  0]LogTaskGraph: Started task graph with 4 named threads and 5 total threads.
[2015.11.23-04.56.50:959][  0]LogStats: Stats thread started at 0.084237
[2015.11.23-04.56.50:959][  0]LogInit: Version: 4.10.0-2758231+++depot+UE4-Releases+4.10
[2015.11.23-04.56.50:959][  0]LogInit: API Version: 2758231
[2015.11.23-04.56.50:959][  0]LogInit: Compiled (64-bit): Nov  7 2015 05:13:45
[2015.11.23-04.56.50:959][  0]LogInit: Compiled with Visual C++: 19.00.23026.00
[2015.11.23-04.56.50:959][  0]LogInit: Build Configuration: Development
[2015.11.23-04.56.50:959][  0]LogInit: Branch Name: ++depot+UE4-Releases+4.10
[2015.11.23-04.56.50:959][  0]LogInit: Command line:  
[2015.11.23-04.56.50:959][  0]LogInit: Base directory: C:/Program Files/Epic Games/4.10/Engine/Binaries/Win64/
[2015.11.23-04.56.50:959][  0]LogInit: Rocket: 1
[2015.11.23-04.56.50:974][  0]LogInit: Using libcurl 7.41.0
[2015.11.23-04.56.50:974][  0]LogInit:  - built for x86_64-pc-win32
[2015.11.23-04.56.50:974][  0]LogInit:  - supports SSL with WinSSL
[2015.11.23-04.56.50:974][  0]LogInit:  - other features:
[2015.11.23-04.56.50:974][  0]LogInit:      CURL_VERSION_SSL
[2015.11.23-04.56.50:974][  0]LogInit:      CURL_VERSION_IPV6
[2015.11.23-04.56.50:974][  0]LogInit:      CURL_VERSION_ASYNCHDNS
[2015.11.23-04.56.50:974][  0]LogInit:      CURL_VERSION_LARGEFILE
[2015.11.23-04.56.50:974][  0]LogInit:      CURL_VERSION_IDN
[2015.11.23-04.56.50:974][  0]LogInit:  CurlRequestOptions (configurable via config and command line):
[2015.11.23-04.56.50:974][  0]LogInit:  - bVerifyPeer = true  - Libcurl will verify peer certificate
[2015.11.23-04.56.50:974][  0]LogInit:  - bUseHttpProxy = false  - Libcurl will NOT use HTTP proxy
[2015.11.23-04.56.50:974][  0]LogInit:  - bDontReuseConnections = false  - Libcurl will reuse connections
[2015.11.23-04.56.50:974][  0]LogInit:  - CertBundlePath = nullptr  - Libcurl will use whatever was configured at build time.
[2015.11.23-04.56.50:990][  0]LogInit: Presizing for 0 objects not considered by GC, pre-allocating 0 bytes.
[2015.11.23-04.56.50:990][  0]LogInit: Object subsystem initialized
[2015.11.23-04.56.51:006][  0]LogInit: Selected Device Profile: [Windows]
[2015.11.23-04.56.51:006][  0]LogInit: Applying CVar settings loaded from the selected device profile: [Windows]
[2015.11.23-04.56.51:026][  0]LogInit: Computer: JORGE
[2015.11.23-04.56.51:026][  0]LogInit: User: Jorge
[2015.11.23-04.56.51:026][  0]LogInit: CPU Page size=4096, Cores=2
[2015.11.23-04.56.51:026][  0]LogInit: High frequency timer resolution =2.533200 MHz
[2015.11.23-04.56.51:026][  0]LogMemory: Memory total: Physical=11.9GB (12GB approx)
[2015.11.23-04.56.51:026][  0]LogMemory: Platform Memory Stats for Windows
[2015.11.23-04.56.51:026][  0]LogMemory: Process Physical Memory: 55.98 MB used, 55.98 MB peak
[2015.11.23-04.56.51:026][  0]LogMemory: Process Virtual Memory: 57.48 MB used, 57.48 MB peak
[2015.11.23-04.56.51:026][  0]LogMemory: Physical Memory: 2417.79 MB used, 12208.14 MB total
[2015.11.23-04.56.51:026][  0]LogMemory: Virtual Memory: 378.52 MB used, 134217728.00 MB total
[2015.11.23-04.56.51:442][  0]LogD3D11RHI: Found D3D11 adapter 0: Intel(R) HD Graphics Family (Feature Level 11_0)
[2015.11.23-04.56.51:442][  0]LogD3D11RHI: Adapter has 112MB of dedicated video memory, 0MB of dedicated system memory, and 6104MB of shared system memory, 1 output[s]
[2015.11.23-04.56.52:406][  0]LogD3D11RHI: Found D3D11 adapter 1: AMD Radeon R7 M260 (Feature Level 11_0)
[2015.11.23-04.56.52:406][  0]LogD3D11RHI: Adapter has 2035MB of dedicated video memory, 0MB of dedicated system memory, and 6104MB of shared system memory, 0 output[s]
[2015.11.23-04.56.52:411][  0]LogD3D11RHI: Found D3D11 adapter 2: Microsoft Basic Render Driver (Feature Level 11_0)
[2015.11.23-04.56.52:412][  0]LogD3D11RHI: Adapter has 0MB of dedicated video memory, 0MB of dedicated system memory, and 6104MB of shared system memory, 0 output[s]
[2015.11.23-04.56.52:412][  0]LogD3D11RHI: Chosen D3D11 Adapter Id = 0
[2015.11.23-04.56.52:422][  0]LogD3D11RHI: !Direct3DDevice
[2015.11.23-04.56.52:422][  0]LogRHI: Texture pool is 1361 MB (70% of 1945 MB)
[2015.11.23-04.56.52:431][  0]LogD3D11RHI: Async texture creation enabled
[2015.11.23-04.56.52:438][  0]LogShaderCompilers: Guid format shader working directory is -52 characters bigger than the processId version (../../../../../../Users/Daniel/Desktop/Dani/Proyectos RV/Proyecto-Realidad-Virtual/Prototipo_1 4.10/Intermediate/Shaders/WorkingDirectory/3284/).
[2015.11.23-04.56.52:439][  0]LogShaderCompilers: Cleaned the shader compiler working directory 'C:/Users/Daniel/AppData/Local/Temp/UnrealShaderWorkingDir/F8BE7F534F608DB8C73181B7A2C4B64C/'.
[2015.11.23-04.56.52:439][  0]LogShaderCompilers:Display: Using Local Shader Compiler.
[2015.11.23-04.56.53:503][  0]LogTemp:Display: Loaded TP AllDesktopTargetPlatform
[2015.11.23-04.56.53:508][  0]LogTemp:Display: Loaded TP WindowsClientTargetPlatform
[2015.11.23-04.56.53:513][  0]LogTemp:Display: Loaded TP WindowsNoEditorTargetPlatform
[2015.11.23-04.56.53:519][  0]LogTemp:Display: Loaded TP WindowsServerTargetPlatform
[2015.11.23-04.56.53:524][  0]LogTemp:Display: Loaded TP WindowsTargetPlatform
[2015.11.23-04.56.53:529][  0]LogTemp:Display: Loaded TP AndroidTargetPlatform
[2015.11.23-04.56.53:533][  0]LogTemp:Display: Loaded TP Android_ASTCTargetPlatform
[2015.11.23-04.56.53:536][  0]LogTemp:Display: Loaded TP Android_ATCTargetPlatform
[2015.11.23-04.56.53:540][  0]LogTemp:Display: Loaded TP Android_DXTTargetPlatform
[2015.11.23-04.56.53:544][  0]LogTemp:Display: Loaded TP Android_ETC1TargetPlatform
[2015.11.23-04.56.53:548][  0]LogTemp:Display: Loaded TP Android_ETC2TargetPlatform
[2015.11.23-04.56.53:556][  0]LogTemp:Display: Loaded TP Android_MultiTargetPlatform
[2015.11.23-04.56.53:556][  0]LogTemp:Display: Loaded TP Android_PVRTCTargetPlatform
[2015.11.23-04.56.53:557][  0]LogTemp:Display: Loaded TP HTML5TargetPlatform
[2015.11.23-04.56.53:577][  0]LogTemp:Display: Loaded TP IOSTargetPlatform
[2015.11.23-04.56.53:581][  0]LogTemp:Display: Loaded TP LinuxNoEditorTargetPlatform
[2015.11.23-04.56.53:585][  0]LogTemp:Display: Loaded TP LinuxServerTargetPlatform
[2015.11.23-04.56.53:589][  0]LogTemp:Display: Loaded TP LinuxTargetPlatform
[2015.11.23-04.56.53:589][  0]LogTargetPlatformManager:Display: Building Assets For Windows
[2015.11.23-04.56.53:687][  0]LogDerivedDataCache:Display: Max Cache Size: 512 MB
[2015.11.23-04.56.53:734][  0]LogDerivedDataCache: Loaded boot cache 0.05s 41MB C:/Users/Daniel/AppData/Local/UnrealEngine/4.10/DerivedDataCache/Boot.ddc.
[2015.11.23-04.56.53:734][  0]LogDerivedDataCache:Display: Loaded Boot cache: C:/Users/Daniel/AppData/Local/UnrealEngine/4.10/DerivedDataCache/Boot.ddc
[2015.11.23-04.56.53:734][  0]LogDerivedDataCache: FDerivedDataBackendGraph:  Pak pak cache file ../../../../../../Users/Daniel/Desktop/Dani/Proyectos RV/Proyecto-Realidad-Virtual/Prototipo_1 4.10/DerivedDataCache/DDC.ddp not found, will not use a pak cache.
[2015.11.23-04.56.53:734][  0]LogDerivedDataCache: Unable to find inner node Pak for hierarchical cache Hierarchy.
[2015.11.23-04.56.53:734][  0]LogDerivedDataCache: FDerivedDataBackendGraph:  CompressedPak pak cache file ../../../../../../Users/Daniel/Desktop/Dani/Proyectos RV/Proyecto-Realidad-Virtual/Prototipo_1 4.10/DerivedDataCache/Compressed.ddp not found, will not use a pak cache.
[2015.11.23-04.56.53:734][  0]LogDerivedDataCache: Unable to find inner node CompressedPak for hierarchical cache Hierarchy.
[2015.11.23-04.56.53:790][  0]LogDerivedDataCache:Display: Pak cache opened for reading ../../../Engine/DerivedDataCache/Compressed.ddp.
[2015.11.23-04.56.53:802][  0]LogDerivedDataCache: Using Local data cache path C:/Users/Daniel/AppData/Local/UnrealEngine/Common/DerivedDataCache: Writable
[2015.11.23-04.56.54:028][  0]LogInit: Selected Device Profile: [Windows]
[2015.11.23-04.56.54:031][  0]LogContentStreaming: Texture pool size is 0.000000MB
[2015.11.23-04.56.54:150][  0]LogMeshUtilities: No automatic mesh reduction module available
[2015.11.23-04.56.54:150][  0]LogMeshUtilities: No automatic mesh merging module available
[2015.11.23-04.56.54:430][  0]LogInit: WinSock: version 1.1 (2.2), MaxSocks=32767, MaxUdp=65467
[2015.11.23-04.56.56:447][  0]UdpMessaging: Initializing bridge on interface 0.0.0.0:0 to multicast group 230.0.0.1:6666.
[2015.11.23-04.56.56:596][  0]LogAssetRegistry: FAssetRegistry took 0.0108 seconds to start up
[2015.11.23-04.56.56:841][  0]SourceControl: Info Source control is disabled
[2015.11.23-04.56.56:885][  0]SourceControl: Info Source control is disabled
[2015.11.23-04.56.56:903][  0]SourceControl: Info Source control is disabled
[2015.11.23-04.56.56:919][  0]SourceControl: Info Source control is disabled
[2015.11.23-04.56.57:243][  0]LogObj: 28633 objects as part of root set at end of initial load.
[2015.11.23-04.56.57:243][  0]LogUObjectAllocator: 6099744 out of 0 bytes used by permanent object pool.
[2015.11.23-04.56.57:305][  0]LogEngine: Initializing Engine...
[2015.11.23-04.56.57:308][  0]LogHMD: Can't find Oculus library dev build: is proper Runtime installed? Version: 0.8.0.0
[2015.11.23-04.56.57:310][  0]LogHMD: SteamVR failed to initialize.  Err: 110
[2015.11.23-04.56.57:453][  0]LogAIModule: Creating AISystem for world NewWorld
[2015.11.23-04.56.57:492][  0]LogInit: XAudio2 using 'Speakers (Conexant SmartAudio HD)' : 2 channels at 48 kHz using 32 bits per sample (channel mask 0x3)
[2015.11.23-04.56.57:596][  0]LogInit: FAudioDevice initialized.
[2015.11.23-04.56.57:663][  0]LogDerivedDataCache: Saved boot cache 0.07s 41MB C:/Users/Daniel/AppData/Local/UnrealEngine/4.10/DerivedDataCache/Boot.ddc.
[2015.11.23-04.56.57:667][  0]LogInit: Texture streaming: Enabled
[2015.11.23-04.56.57:674][  0]LogAnalytics: Creating configured Analytics provider AnalyticsET
[2015.11.23-04.56.57:674][  0]LogAnalytics: [UEEditor.Rocket.Release] APIServer = http://et2.epicgames.com/ET2/. AppVersion = 4.10.0-2758231+++depot+UE4-Releases+4.10
[2015.11.23-04.56.57:674][  0]LogAnalytics: [UEEditor.Rocket.Release] SetUserId 02a92638413d6e9abea5c7aca5f6540a|3349b03e2e674c09ae8b169d1df5bddf|a6273b8f-85b9-4f16-b013-14ad0d925f1f
[2015.11.23-04.56.57:674][  0]LogAnalytics: [UEEditor.Rocket.Release] AnalyticsET::StartSession
[2015.11.23-04.56.57:685][  0]LogWindowsTextInputMethodSystem:Display: IME system now deactivated.
[2015.11.23-04.56.57:711][  0]LogInit: Transaction tracking system initialized
[2015.11.23-04.56.57:747][  0]BlueprintLog: New page: Editor Load
[2015.11.23-04.56.57:862][  0]LocalizationService: Info Localization service is disabled
[2015.11.23-04.56.58:113][  0]LogConsoleResponse:Display: 
[2015.11.23-04.56.58:252][  0]LogCook:Display: Done creating registry. It took  0.00s.
[2015.11.23-04.56.58:332][  0]LogFileCache: Scanning file cache for directory 'C:/Users/Daniel/Desktop/Dani/Proyectos RV/Proyecto-Realidad-Virtual/Prototipo_1 4.10/Content/' took 0.01s
[2015.11.23-04.56.58:332][  0]SourceControl: Info Source control is disabled
[2015.11.23-04.57.10:257][  0]LogWindowsTextInputMethodSystem:Display: IME system now deactivated.
[2015.11.23-04.57.10:266][  0]LogWindowsTextInputMethodSystem:Display: IME system now deactivated.
[2015.11.23-04.57.11:417][  0]LogWindowsTextInputMethodSystem:Display: IME system now deactivated.
[2015.11.23-04.57.11:436][  0]LogWindowsTextInputMethodSystem:Display: IME system now deactivated.
[2015.11.23-04.57.11:441][  0]LightingResults: New page: Lighting Build
[2015.11.23-04.57.11:451][  0]MapCheck: New page: Map Check
[2015.11.23-04.57.11:451][  0]LightingResults: New page: Lighting Build
[2015.11.23-04.57.11:481][  0]LogParticles: Destroying 0 GPU particle simulations for FXSystem 0x00000073797AEAC0
[2015.11.23-04.57.11:489][  0]LogLinker:Warning: Asset '../../../../../../Users/Daniel/Desktop/Dani/Proyectos RV/Proyecto-Realidad-Virtual/Prototipo_1 4.10/Content/Mannequin/Animations/ThirdPerson_AnimBP.uasset' has been saved with empty engine version. The asset will be loaded but may be incompatible.
[2015.11.23-04.57.11:494][  0]LogLinker:Warning: Asset '../../../../../../Users/Daniel/Desktop/Dani/Proyectos RV/Proyecto-Realidad-Virtual/Prototipo_1 4.10/Content/Mannequin/Animations/ThirdPerson_Jump.uasset' has been saved with empty engine version. The asset will be loaded but may be incompatible.
[2015.11.23-04.57.11:497][  0]LogLinker:Warning: Asset '../../../../../../Users/Daniel/Desktop/Dani/Proyectos RV/Proyecto-Realidad-Virtual/Prototipo_1 4.10/Content/Mannequin/Animations/ThirdPersonJump_Loop.uasset' has been saved with empty engine version. The asset will be loaded but may be incompatible.
[2015.11.23-04.57.11:499][  0]LogLinker:Warning: Asset '../../../../../../Users/Daniel/Desktop/Dani/Proyectos RV/Proyecto-Realidad-Virtual/Prototipo_1 4.10/Content/Mannequin/Animations/ThirdPersonJump_Start.uasset' has been saved with empty engine version. The asset will be loaded but may be incompatible.
[2015.11.23-04.57.11:501][  0]LogLinker:Warning: Asset '../../../../../../Users/Daniel/Desktop/Dani/Proyectos RV/Proyecto-Realidad-Virtual/Prototipo_1 4.10/Content/Mannequin/Animations/ThirdPerson_IdleRun_2D.uasset' has been saved with empty engine version. The asset will be loaded but may be incompatible.
[2015.11.23-04.57.11:501][  0]LogLinker:Warning: Asset '../../../../../../Users/Daniel/Desktop/Dani/Proyectos RV/Proyecto-Realidad-Virtual/Prototipo_1 4.10/Content/Mannequin/Animations/ThirdPersonIdle.uasset' has been saved with empty engine version. The asset will be loaded but may be incompatible.
[2015.11.23-04.57.11:503][  0]LogLinker:Warning: Asset '../../../../../../Users/Daniel/Desktop/Dani/Proyectos RV/Proyecto-Realidad-Virtual/Prototipo_1 4.10/Content/Mannequin/Animations/ThirdPersonRun.uasset' has been saved with empty engine version. The asset will be loaded but may be incompatible.
[2015.11.23-04.57.11:506][  0]LogLinker:Warning: Asset '../../../../../../Users/Daniel/Desktop/Dani/Proyectos RV/Proyecto-Realidad-Virtual/Prototipo_1 4.10/Content/Mannequin/Animations/ThirdPersonWalk.uasset' has been saved with empty engine version. The asset will be loaded but may be incompatible.
[2015.11.23-04.57.12:377][  0]LogAIModule: Creating AISystem for world ThirdPersonExampleMap
[2015.11.23-04.57.12:401][  0]LogEditorServer: Finished looking for orphan Actors (0.000 secs)
[2015.11.23-04.57.12:402][  0]Cmd: MAP CHECKDEP NOCLEARLOG
[2015.11.23-04.57.12:589][  0]MapCheck: Info Map check complete: 0 Error(s), 0 Warning(s), took 186.262ms to complete.
[2015.11.23-04.57.12:589][  0]LogFileHelpers: Loading map 'ThirdPersonExampleMap' took 1.152
[2015.11.23-04.57.12:656][  0]LogCollectionManager: Loaded 0 collections in 0.002568 seconds
[2015.11.23-04.57.12:704][  0]LogFileCache: Scanning file cache for directory 'C:/Users/Daniel/Desktop/Dani/Proyectos RV/Proyecto-Realidad-Virtual/Prototipo_1 4.10/Saved/Collections/' took 0.01s
[2015.11.23-04.57.12:704][  0]LogFileCache: Scanning file cache for directory 'C:/Users/Daniel/Desktop/Dani/Proyectos RV/Proyecto-Realidad-Virtual/Prototipo_1 4.10/Content/Developers/Jorge/Collections/' took 0.01s
[2015.11.23-04.57.12:704][  0]LogFileCache: Scanning file cache for directory 'C:/Users/Daniel/Desktop/Dani/Proyectos RV/Proyecto-Realidad-Virtual/Prototipo_1 4.10/Content/Collections/' took 0.01s
[2015.11.23-04.57.12:704][  0]LogCollectionManager: Rebuilt the GUID cache for 0 collections in 0.000003 seconds
[2015.11.23-04.57.12:712][  0]LogContentBrowser: Native class hierarchy populated in 0.0078 seconds. Added 1893 classes and 338 folders.
[2015.11.23-04.57.12:719][  0]LogContentBrowser: Native class hierarchy updated for 'WidgetCarousel' in 0.0003 seconds. Added 0 classes and 0 folders.
[2015.11.23-04.57.12:785][  0]LogContentBrowser: Native class hierarchy updated for 'AddContentDialog' in 0.0006 seconds. Added 0 classes and 0 folders.
[2015.11.23-04.57.12:790][  0]LogContentBrowser: Native class hierarchy updated for 'SceneOutliner' in 0.0004 seconds. Added 1 classes and 2 folders.
[2015.11.23-04.57.12:801][  0]LogCrashTracker: Crashtracker disabled due to settings.
[2015.11.23-04.57.12:805][  0]LogUObjectGlobals:Warning: Failed to find object 'Class None.'
[2015.11.23-04.57.12:827][  0]LogStats:Warning: MetaData mismatch. Did you assign a stat to two groups? New //STATGROUP_Threads//SplashScreenThread///Thread_654_0///####STATCAT_Advanced#### old //STATGROUP_Threads//SplashScreenThread///Thread_1990_0///####STATCAT_Advanced####
[2015.11.23-04.57.12:827][  0]LogLoad: Full Startup: 22.50 seconds (BP compile: 0.12 seconds)
[2015.11.23-04.57.12:849][  0]LogOcInput: Can't find Oculus library dev build: is proper Runtime installed? Version: 0.8.0.0
[2015.11.23-04.57.12:922][  0]LogContentStreaming: Texture pool size now 200 MB
[2015.11.23-04.57.13:077][  0]LogRenderer: Reallocating scene render targets to support 712x368 (Frame:2).
[2015.11.23-04.57.14:659][  5]LogAssetRegistry: Asset discovery search completed in 18.0734 seconds
[2015.11.23-04.57.14:659][  5]LogCollectionManager: Rebuilt the object cache for 0 collections in 0.000000 seconds (found 0 objects)
[2015.11.23-04.57.14:659][  5]LogCollectionManager: Fixed up redirectors for 0 collections in 0.000017 seconds (updated 0 objects)
[2015.11.23-04.57.14:979][  6]LogEditorViewport: Clicking on Actor (LMB): StaticMeshActor (Wall6)
[2015.11.23-04.57.18:674][143]LogAIModule: Creating AISystem for world Untitled
[2015.11.23-04.57.19:902][143]LogActorComponent: UnregisterComponent: (/Engine/Transient.CharMoveComp) Not registered. Aborting.
[2015.11.23-04.57.19:902][143]LogActorComponent: UnregisterComponent: (/Engine/Transient.PawnSensing_GEN_VARIABLE) Not registered. Aborting.
[2015.11.23-04.57.19:961][143]Cmd: MAP LOAD FILE="../../../../../../Users/Daniel/Desktop/Dani/Proyectos RV/Proyecto-Realidad-Virtual/Prototipo_1 4.10/Content/Mapas/Untitled.umap" TEMPLATE=0 SHOWPROGRESS=1 FEATURELEVEL=3
[2015.11.23-04.57.19:961][143]LightingResults: New page: Lighting Build
[2015.11.23-04.57.19:988][143]LoadErrors: New page: Loading map: Untitled.umap
[2015.11.23-04.57.19:989][143]MapCheck: New page: Map Check
[2015.11.23-04.57.19:989][143]LightingResults: New page: Lighting Build
[2015.11.23-04.57.20:011][143]LogParticles: Destroying 0 GPU particle simulations for FXSystem 0x0000007303780AE0
[2015.11.23-04.57.21:403][143]LogEditorServer: Finished looking for orphan Actors (0.000 secs)
[2015.11.23-04.57.21:441][143]Cmd: MAP CHECKDEP NOCLEARLOG
[2015.11.23-04.57.21:602][143]MapCheck: Info Map check complete: 0 Error(s), 0 Warning(s), took 160.912ms to complete.
[2015.11.23-04.57.21:606][143]LogFileHelpers: Loading map 'Untitled' took 1.648
[2015.11.23-04.57.21:672][144]Cmd: UpdateLandscapeEditorData -warnings
[2015.11.23-04.57.21:674][144]Cmd: UpdateLandscapeEditorData
[2015.11.23-04.57.28:464][528]LogPlayLevel: PlayLevel: No blueprints needed recompiling
[2015.11.23-04.57.28:464][528]PIE: New page: PIE session: Untitled (Nov 22, 2015, 6:57:28 PM)
[2015.11.23-04.57.28:464][528]LogPlayLevel: Creating play world package: /Game/Mapas/UEDPIE_0_Untitled
[2015.11.23-04.57.29:059][528]LogPlayLevel: PIE: StaticDuplicateObject took: (0.595280s)
[2015.11.23-04.57.29:060][528]LogAIModule: Creating AISystem for world Untitled
[2015.11.23-04.57.29:060][528]LogPlayLevel: PIE: World Init took: (0.000865s)
[2015.11.23-04.57.29:060][528]LogPlayLevel: PIE: Created PIE world by copying editor world from /Game/Mapas/Untitled.Untitled to /Game/Mapas/UEDPIE_0_Untitled.Untitled (0.596412s)
[2015.11.23-04.57.29:060][528]LogActorComponent: UnregisterComponent: (/Engine/Transient.CharMoveComp) Not registered. Aborting.
[2015.11.23-04.57.29:061][528]LogActorComponent: UnregisterComponent: (/Engine/Transient.PawnSensing_GEN_VARIABLE) Not registered. Aborting.
[2015.11.23-04.57.29:149][528]LogInit: XAudio2 using 'Speakers (Conexant SmartAudio HD)' : 2 channels at 48 kHz using 32 bits per sample (channel mask 